{"level":"info","message":"Starting CRM Backend Application...","service":"crm-backend","timestamp":"2026-06-30 10:51:02.768"}
{"level":"info","message":"Initializing database...","service":"crm-backend","timestamp":"2026-06-30 10:51:02.771"}
{"level":"info","message":" CRM Backend server started on http://localhost:3000","service":"crm-backend","timestamp":"2026-06-30 10:51:02.837"}
{"level":"info","message":" Environment: development","service":"crm-backend","timestamp":"2026-06-30 10:51:02.837"}
{"level":"info","message":" API Documentation: http://localhost:3000/health","service":"crm-backend","timestamp":"2026-06-30 10:51:02.838"}
{"level":"info","message":"Starting CRM Backend Application...","service":"crm-backend","timestamp":"2026-06-30 10:53:55.158"}
{"level":"info","message":"Initializing database...","service":"crm-backend","timestamp":"2026-06-30 10:53:55.160"}
{"level":"info","message":" CRM Backend server started on http://localhost:3000","service":"crm-backend","timestamp":"2026-06-30 10:53:55.222"}
{"level":"info","message":" Environment: development","service":"crm-backend","timestamp":"2026-06-30 10:53:55.223"}
{"level":"info","message":" API Documentation: http://localhost:3000/health","service":"crm-backend","timestamp":"2026-06-30 10:53:55.224"}
{"api":"getAllCustomers","level":"info","limit":"1000","message":"Get all customers request","module":"customer","page":"1","service":"crm-backend","timestamp":"2026-06-30 10:56:56.044"}
{"api":"getAllCustomers","count":2,"level":"info","message":"Customers retrieved successfully","module":"customer","service":"crm-backend","timestamp":"2026-06-30 10:56:56.067"}
{"api":"getAllCustomers","level":"info","limit":"1000","message":"Get all customers request","module":"customer","page":"1","service":"crm-backend","timestamp":"2026-06-30 10:56:56.077"}
{"api":"getAllLeads","level":"info","limit":"1000","message":"Get all leads request","module":"lead","page":"1","service":"crm-backend","timestamp":"2026-06-30 10:56:56.087"}
{"api":"getAllCustomers","count":2,"level":"info","message":"Customers retrieved successfully","module":"customer","service":"crm-backend","timestamp":"2026-06-30 10:56:56.092"}
{"api":"getAllCustomers","level":"info","limit":"1000","message":"Get all customers request","module":"customer","page":"1","service":"crm-backend","timestamp":"2026-06-30 10:56:56.099"}
{"api":"getAllCustomers","count":2,"level":"info","message":"Customers retrieved successfully","module":"customer","service":"crm-backend","timestamp":"2026-06-30 10:56:56.107"}
{"api":"getAllCustomers","level":"info","limit":"1000","message":"Get all customers request","module":"customer","page":"1","service":"crm-backend","timestamp":"2026-06-30 10:56:56.117"}
{"api":"getAllLeads","count":1,"level":"info","message":"Leads retrieved successfully","module":"lead","service":"crm-backend","timestamp":"2026-06-30 10:56:56.123"}
{"api":"getAllCustomers","count":2,"level":"info","message":"Customers retrieved successfully","module":"customer","service":"crm-backend","timestamp":"2026-06-30 10:56:56.125"}
{"api":"getAllLeads","level":"info","limit":"1000","message":"Get all leads request","module":"lead","page":"1","service":"crm-backend","timestamp":"2026-06-30 10:56:56.131"}
{"api":"getAllLeads","count":1,"level":"info","message":"Leads retrieved successfully","module":"lead","service":"crm-backend","timestamp":"2026-06-30 10:56:56.136"}
{"api":"getAllLeads","level":"info","limit":"1000","message":"Get all leads request","module":"lead","page":"1","service":"crm-backend","timestamp":"2026-06-30 10:56:56.141"}
{"api":"getAllLeads","count":1,"level":"info","message":"Leads retrieved successfully","module":"lead","service":"crm-backend","timestamp":"2026-06-30 10:56:56.145"}
{"api":"getAllLeads","level":"info","limit":"1000","message":"Get all leads request","module":"lead","page":"1","service":"crm-backend","timestamp":"2026-06-30 10:56:56.150"}
{"api":"getAllLeads","count":1,"level":"info","message":"Leads retrieved successfully","module":"lead","service":"crm-backend","timestamp":"2026-06-30 10:56:56.155"}
{"api":"getAllCustomers","level":"info","limit":"1000","message":"Get all customers request","module":"customer","page":"1","service":"crm-backend","timestamp":"2026-06-30 10:57:00.047"}
{"api":"getAllCustomers","count":2,"level":"info","message":"Customers retrieved successfully","module":"customer","service":"crm-backend","timestamp":"2026-06-30 10:57:00.050"}
{"api":"getAllCustomers","level":"info","limit":"1000","message":"Get all customers request","module":"customer","page":"1","service":"crm-backend","timestamp":"2026-06-30 10:57:00.056"}
{"api":"getAllLeads","level":"info","limit":"1000","message":"Get all leads request","module":"lead","page":"1","service":"crm-backend","timestamp":"2026-06-30 10:57:00.063"}
{"api":"getAllCustomers","count":2,"level":"info","message":"Customers retrieved successfully","module":"customer","service":"crm-backend","timestamp":"2026-06-30 10:57:00.065"}
{"api":"getAllCustomers","level":"info","limit":"1000","message":"Get all customers request","module":"customer","page":"1","service":"crm-backend","timestamp":"2026-06-30 10:57:00.071"}
{"api":"getAllLeads","count":1,"level":"info","message":"Leads retrieved successfully","module":"lead","service":"crm-backend","timestamp":"2026-06-30 10:57:00.073"}
{"api":"getAllLeads","level":"info","limit":"1000","message":"Get all leads request","module":"lead","page":"1","service":"crm-backend","timestamp":"2026-06-30 10:57:00.078"}
{"api":"getAllCustomers","count":2,"level":"info","message":"Customers retrieved successfully","module":"customer","service":"crm-backend","timestamp":"2026-06-30 10:57:00.081"}
{"api":"getAllCustomers","level":"info","limit":"1000","message":"Get all customers request","module":"customer","page":"1","service":"crm-backend","timestamp":"2026-06-30 10:57:00.088"}
{"api":"getAllLeads","count":1,"level":"info","message":"Leads retrieved successfully","module":"lead","service":"crm-backend","timestamp":"2026-06-30 10:57:00.090"}
{"api":"getAllLeads","level":"info","limit":"1000","message":"Get all leads request","module":"lead","page":"1","service":"crm-backend","timestamp":"2026-06-30 10:57:00.095"}
{"api":"getAllCustomers","count":2,"level":"info","message":"Customers retrieved successfully","module":"customer","service":"crm-backend","timestamp":"2026-06-30 10:57:00.097"}
{"api":"getAllLeads","count":1,"level":"info","message":"Leads retrieved successfully","module":"lead","service":"crm-backend","timestamp":"2026-06-30 10:57:00.102"}
{"api":"getAllLeads","level":"info","limit":"1000","message":"Get all leads request","module":"lead","page":"1","service":"crm-backend","timestamp":"2026-06-30 10:57:00.108"}
{"api":"getAllLeads","count":1,"level":"info","message":"Leads retrieved successfully","module":"lead","service":"crm-backend","timestamp":"2026-06-30 10:57:00.111"}
{"level":"info","message":"Starting CRM Backend Application...","service":"crm-backend","timestamp":"2026-06-30 15:15:49.178"}
{"level":"info","message":"Initializing database...","service":"crm-backend","timestamp":"2026-06-30 15:15:49.182"}
{"level":"info","message":" CRM Backend server started on http://localhost:3000","service":"crm-backend","timestamp":"2026-06-30 15:15:49.258"}
{"level":"info","message":" Environment: development","service":"crm-backend","timestamp":"2026-06-30 15:15:49.260"}
{"level":"info","message":" API Documentation: http://localhost:3000/health","service":"crm-backend","timestamp":"2026-06-30 15:15:49.260"}
{"level":"info","message":"Starting CRM Backend Application...","service":"crm-backend","timestamp":"2026-06-30 15:54:14.795"}
{"level":"info","message":"Initializing database...","service":"crm-backend","timestamp":"2026-06-30 15:54:14.796"}
{"level":"info","message":" CRM Backend server started on http://localhost:3000","service":"crm-backend","timestamp":"2026-06-30 15:54:14.837"}
{"level":"info","message":" Environment: development","service":"crm-backend","timestamp":"2026-06-30 15:54:14.838"}
{"level":"info","message":" API Documentation: http://localhost:3000/health","service":"crm-backend","timestamp":"2026-06-30 15:54:14.838"}
{"level":"info","message":"Starting CRM Backend Application...","service":"crm-backend","timestamp":"2026-06-30 16:22:45.935"}
{"level":"info","message":"Initializing database...","service":"crm-backend","timestamp":"2026-06-30 16:22:45.938"}
{"level":"info","message":" CRM Backend server started on http://localhost:3000","service":"crm-backend","timestamp":"2026-06-30 16:22:46.025"}
{"level":"info","message":" Environment: development","service":"crm-backend","timestamp":"2026-06-30 16:22:46.027"}
{"level":"info","message":" API Documentation: http://localhost:3000/health","service":"crm-backend","timestamp":"2026-06-30 16:22:46.027"}
{"level":"info","message":"Starting CRM Backend Application...","service":"crm-backend","timestamp":"2026-06-30 16:23:34.727"}
{"level":"info","message":"Initializing database...","service":"crm-backend","timestamp":"2026-06-30 16:23:34.729"}
{"level":"info","message":" CRM Backend server started on http://localhost:3000","service":"crm-backend","timestamp":"2026-06-30 16:23:34.781"}
{"level":"info","message":" Environment: development","service":"crm-backend","timestamp":"2026-06-30 16:23:34.782"}
{"level":"info","message":" API Documentation: http://localhost:3000/health","service":"crm-backend","timestamp":"2026-06-30 16:23:34.783"}
{"level":"info","message":"Starting CRM Backend Application...","service":"crm-backend","timestamp":"2026-06-30 16:23:39.442"}
{"level":"info","message":"Initializing database...","service":"crm-backend","timestamp":"2026-06-30 16:23:39.444"}
{"level":"info","message":" CRM Backend server started on http://localhost:3000","service":"crm-backend","timestamp":"2026-06-30 16:23:39.502"}
{"level":"info","message":" Environment: development","service":"crm-backend","timestamp":"2026-06-30 16:23:39.504"}
{"level":"info","message":" API Documentation: http://localhost:3000/health","service":"crm-backend","timestamp":"2026-06-30 16:23:39.505"}
{"level":"error","message":"Not allowed by CORS","method":"OPTIONS","service":"crm-backend","stack":"Error: Not allowed by CORS\n    at origin (C:\\Users\\harsh\\OneDrive\\Desktop\\CRM\\backend\\services\\serverService.js:21:18)\n    at C:\\Users\\harsh\\OneDrive\\Desktop\\CRM\\backend\\node_modules\\cors\\lib\\index.js:219:13\n    at optionsCallback (C:\\Users\\harsh\\OneDrive\\Desktop\\CRM\\backend\\node_modules\\cors\\lib\\index.js:199:9)\n    at corsMiddleware (C:\\Users\\harsh\\OneDrive\\Desktop\\CRM\\backend\\node_modules\\cors\\lib\\index.js:204:7)\n    at Layer.handleRequest (C:\\Users\\harsh\\OneDrive\\Desktop\\CRM\\backend\\node_modules\\router\\lib\\layer.js:152:17)\n    at trimPrefix (C:\\Users\\harsh\\OneDrive\\Desktop\\CRM\\backend\\node_modules\\router\\index.js:342:13)\n    at C:\\Users\\harsh\\OneDrive\\Desktop\\CRM\\backend\\node_modules\\router\\index.js:297:9\n    at processParams (C:\\Users\\harsh\\OneDrive\\Desktop\\CRM\\backend\\node_modules\\router\\index.js:582:12)\n    at next (C:\\Users\\harsh\\OneDrive\\Desktop\\CRM\\backend\\node_modules\\router\\index.js:291:5)\n    at Function.handle (C:\\Users\\harsh\\OneDrive\\Desktop\\CRM\\backend\\node_modules\\router\\index.js:186:3)","statusCode":500,"timestamp":"2026-06-30 16:26:16.391","url":"/api/auth/login"}
{"level":"error","message":"Not allowed by CORS","method":"OPTIONS","service":"crm-backend","stack":"Error: Not allowed by CORS\n    at origin (C:\\Users\\harsh\\OneDrive\\Desktop\\CRM\\backend\\services\\serverService.js:21:18)\n    at C:\\Users\\harsh\\OneDrive\\Desktop\\CRM\\backend\\node_modules\\cors\\lib\\index.js:219:13\n    at optionsCallback (C:\\Users\\harsh\\OneDrive\\Desktop\\CRM\\backend\\node_modules\\cors\\lib\\index.js:199:9)\n    at corsMiddleware (C:\\Users\\harsh\\OneDrive\\Desktop\\CRM\\backend\\node_modules\\cors\\lib\\index.js:204:7)\n    at Layer.handleRequest (C:\\Users\\harsh\\OneDrive\\Desktop\\CRM\\backend\\node_modules\\router\\lib\\layer.js:152:17)\n    at trimPrefix (C:\\Users\\harsh\\OneDrive\\Desktop\\CRM\\backend\\node_modules\\router\\index.js:342:13)\n    at C:\\Users\\harsh\\OneDrive\\Desktop\\CRM\\backend\\node_modules\\router\\index.js:297:9\n    at processParams (C:\\Users\\harsh\\OneDrive\\Desktop\\CRM\\backend\\node_modules\\router\\index.js:582:12)\n    at next (C:\\Users\\harsh\\OneDrive\\Desktop\\CRM\\backend\\node_modules\\router\\index.js:291:5)\n    at Function.handle (C:\\Users\\harsh\\OneDrive\\Desktop\\CRM\\backend\\node_modules\\router\\index.js:186:3)","statusCode":500,"timestamp":"2026-06-30 16:28:01.505","url":"/api/auth/register"}
{"level":"error","message":"Not allowed by CORS","method":"OPTIONS","service":"crm-backend","stack":"Error: Not allowed by CORS\n    at origin (C:\\Users\\harsh\\OneDrive\\Desktop\\CRM\\backend\\services\\serverService.js:21:18)\n    at C:\\Users\\harsh\\OneDrive\\Desktop\\CRM\\backend\\node_modules\\cors\\lib\\index.js:219:13\n    at optionsCallback (C:\\Users\\harsh\\OneDrive\\Desktop\\CRM\\backend\\node_modules\\cors\\lib\\index.js:199:9)\n    at corsMiddleware (C:\\Users\\harsh\\OneDrive\\Desktop\\CRM\\backend\\node_modules\\cors\\lib\\index.js:204:7)\n    at Layer.handleRequest (C:\\Users\\harsh\\OneDrive\\Desktop\\CRM\\backend\\node_modules\\router\\lib\\layer.js:152:17)\n    at trimPrefix (C:\\Users\\harsh\\OneDrive\\Desktop\\CRM\\backend\\node_modules\\router\\index.js:342:13)\n    at C:\\Users\\harsh\\OneDrive\\Desktop\\CRM\\backend\\node_modules\\router\\index.js:297:9\n    at processParams (C:\\Users\\harsh\\OneDrive\\Desktop\\CRM\\backend\\node_modules\\router\\index.js:582:12)\n    at next (C:\\Users\\harsh\\OneDrive\\Desktop\\CRM\\backend\\node_modules\\router\\index.js:291:5)\n    at Function.handle (C:\\Users\\harsh\\OneDrive\\Desktop\\CRM\\backend\\node_modules\\router\\index.js:186:3)","statusCode":500,"timestamp":"2026-06-30 16:29:27.001","url":"/api/auth/login"}
{"level":"info","message":"Starting CRM Backend Application...","service":"crm-backend","timestamp":"2026-06-30 16:32:53.754"}
{"level":"info","message":"Initializing database...","service":"crm-backend","timestamp":"2026-06-30 16:32:53.756"}
{"level":"info","message":" CRM Backend server started on http://localhost:3000","service":"crm-backend","timestamp":"2026-06-30 16:32:53.872"}
{"level":"info","message":" Environment: development","service":"crm-backend","timestamp":"2026-06-30 16:32:53.873"}
{"level":"info","message":" API Documentation: http://localhost:3000/health","service":"crm-backend","timestamp":"2026-06-30 16:32:53.874"}
{"level":"info","message":"Starting CRM Backend Application...","service":"crm-backend","timestamp":"2026-06-30 16:32:59.376"}
{"level":"info","message":"Initializing database...","service":"crm-backend","timestamp":"2026-06-30 16:32:59.379"}
{"level":"info","message":" CRM Backend server started on http://localhost:3000","service":"crm-backend","timestamp":"2026-06-30 16:32:59.458"}
{"level":"info","message":" Environment: development","service":"crm-backend","timestamp":"2026-06-30 16:32:59.459"}
{"level":"info","message":" API Documentation: http://localhost:3000/health","service":"crm-backend","timestamp":"2026-06-30 16:32:59.459"}
{"level":"info","message":"Starting CRM Backend Application...","service":"crm-backend","timestamp":"2026-06-30 16:33:05.006"}
{"level":"info","message":"Initializing database...","service":"crm-backend","timestamp":"2026-06-30 16:33:05.008"}
{"level":"info","message":" CRM Backend server started on http://localhost:3000","service":"crm-backend","timestamp":"2026-06-30 16:33:05.084"}
{"level":"info","message":" Environment: development","service":"crm-backend","timestamp":"2026-06-30 16:33:05.084"}
{"level":"info","message":" API Documentation: http://localhost:3000/health","service":"crm-backend","timestamp":"2026-06-30 16:33:05.085"}
{"level":"info","message":"Starting CRM Backend Application...","service":"crm-backend","timestamp":"2026-06-30 16:33:10.508"}
{"level":"info","message":"Initializing database...","service":"crm-backend","timestamp":"2026-06-30 16:33:10.510"}
{"level":"info","message":" CRM Backend server started on http://localhost:3000","service":"crm-backend","timestamp":"2026-06-30 16:33:10.603"}
{"level":"info","message":" Environment: development","service":"crm-backend","timestamp":"2026-06-30 16:33:10.604"}
{"level":"info","message":" API Documentation: http://localhost:3000/health","service":"crm-backend","timestamp":"2026-06-30 16:33:10.605"}
{"level":"info","message":"Starting CRM Backend Application...","service":"crm-backend","timestamp":"2026-06-30 16:33:15.622"}
{"level":"info","message":"Initializing database...","service":"crm-backend","timestamp":"2026-06-30 16:33:15.625"}
{"level":"info","message":" CRM Backend server started on http://localhost:3000","service":"crm-backend","timestamp":"2026-06-30 16:33:15.711"}
{"level":"info","message":" Environment: development","service":"crm-backend","timestamp":"2026-06-30 16:33:15.711"}
{"level":"info","message":" API Documentation: http://localhost:3000/health","service":"crm-backend","timestamp":"2026-06-30 16:33:15.712"}
{"level":"info","message":"Starting CRM Backend Application...","service":"crm-backend","timestamp":"2026-06-30 16:33:26.430"}
{"level":"info","message":"Initializing database...","service":"crm-backend","timestamp":"2026-06-30 16:33:26.432"}
{"level":"info","message":" CRM Backend server started on http://localhost:3000","service":"crm-backend","timestamp":"2026-06-30 16:33:26.515"}
{"level":"info","message":" Environment: development","service":"crm-backend","timestamp":"2026-06-30 16:33:26.516"}
{"level":"info","message":" API Documentation: http://localhost:3000/health","service":"crm-backend","timestamp":"2026-06-30 16:33:26.516"}
{"level":"info","message":"Starting CRM Backend Application...","service":"crm-backend","timestamp":"2026-06-30 16:33:31.539"}
{"level":"info","message":"Initializing database...","service":"crm-backend","timestamp":"2026-06-30 16:33:31.545"}
{"level":"info","message":" CRM Backend server started on http://localhost:3000","service":"crm-backend","timestamp":"2026-06-30 16:33:31.648"}
{"level":"info","message":" Environment: development","service":"crm-backend","timestamp":"2026-06-30 16:33:31.651"}
{"level":"info","message":" API Documentation: http://localhost:3000/health","service":"crm-backend","timestamp":"2026-06-30 16:33:31.652"}
{"level":"info","message":"Starting CRM Backend Application...","service":"crm-backend","timestamp":"2026-06-30 16:33:37.888"}
{"level":"info","message":"Initializing database...","service":"crm-backend","timestamp":"2026-06-30 16:33:37.890"}
{"level":"info","message":" CRM Backend server started on http://localhost:3000","service":"crm-backend","timestamp":"2026-06-30 16:33:37.971"}
{"level":"info","message":" Environment: development","service":"crm-backend","timestamp":"2026-06-30 16:33:37.973"}
{"level":"info","message":" API Documentation: http://localhost:3000/health","service":"crm-backend","timestamp":"2026-06-30 16:33:37.974"}
{"api":"getAllCustomers","level":"info","limit":"1000","message":"Get all customers request","module":"customer","page":"1","service":"crm-backend","timestamp":"2026-06-30 16:33:40.367"}
{"api":"getAllCustomers","count":2,"level":"info","message":"Customers retrieved successfully","module":"customer","service":"crm-backend","timestamp":"2026-06-30 16:33:40.402"}
{"api":"getAllCustomers","level":"info","limit":"1000","message":"Get all customers request","module":"customer","page":"1","service":"crm-backend","timestamp":"2026-06-30 16:33:40.433"}
{"api":"getAllCustomers","count":2,"level":"info","message":"Customers retrieved successfully","module":"customer","service":"crm-backend","timestamp":"2026-06-30 16:33:40.441"}
{"api":"getAllLeads","level":"info","limit":"1000","message":"Get all leads request","module":"lead","page":"1","service":"crm-backend","timestamp":"2026-06-30 16:33:40.472"}
{"api":"getAllLeads","count":1,"level":"info","message":"Leads retrieved successfully","module":"lead","service":"crm-backend","timestamp":"2026-06-30 16:33:40.480"}
{"api":"getAllLeads","level":"info","limit":"1000","message":"Get all leads request","module":"lead","page":"1","service":"crm-backend","timestamp":"2026-06-30 16:33:40.488"}
{"api":"getAllLeads","count":1,"level":"info","message":"Leads retrieved successfully","module":"lead","service":"crm-backend","timestamp":"2026-06-30 16:33:40.493"}
{"api":"login","apiId":"d25e3937-720b-4b76-b8da-6f657c1821bd","email":"admin@crm.com","level":"info","message":"Login request received","module":"login","service":"crm-backend","timestamp":"2026-06-30 16:34:30.079"}
{"api":"login","apiId":"d25e3937-720b-4b76-b8da-6f657c1821bd","level":"info","message":"User authenticated successfully","module":"login","service":"crm-backend","timestamp":"2026-06-30 16:34:30.222","userId":1}
{"api":"login","apiId":"d25e3937-720b-4b76-b8da-6f657c1821bd","level":"info","message":"Login completed successfully","module":"login","service":"crm-backend","timestamp":"2026-06-30 16:34:30.241","userId":1}
{"api":"getAllCustomers","level":"info","limit":"1000","message":"Get all customers request","module":"customer","page":"1","service":"crm-backend","timestamp":"2026-06-30 16:34:30.863"}
{"api":"getAllCustomers","count":2,"level":"info","message":"Customers retrieved successfully","module":"customer","service":"crm-backend","timestamp":"2026-06-30 16:34:30.866"}
{"api":"getAllCustomers","level":"info","limit":"1000","message":"Get all customers request","module":"customer","page":"1","service":"crm-backend","timestamp":"2026-06-30 16:34:30.871"}
{"api":"getAllCustomers","count":2,"level":"info","message":"Customers retrieved successfully","module":"customer","service":"crm-backend","timestamp":"2026-06-30 16:34:30.874"}
{"api":"getAllLeads","level":"info","limit":"1000","message":"Get all leads request","module":"lead","page":"1","service":"crm-backend","timestamp":"2026-06-30 16:34:30.891"}
{"api":"getAllLeads","count":1,"level":"info","message":"Leads retrieved successfully","module":"lead","service":"crm-backend","timestamp":"2026-06-30 16:34:30.894"}
{"api":"getAllLeads","level":"info","limit":"1000","message":"Get all leads request","module":"lead","page":"1","service":"crm-backend","timestamp":"2026-06-30 16:34:30.900"}
{"api":"getAllLeads","count":1,"level":"info","message":"Leads retrieved successfully","module":"lead","service":"crm-backend","timestamp":"2026-06-30 16:34:30.905"}
{"api":"getAllCustomers","level":"info","limit":"10","message":"Get all customers request","module":"customer","page":"1","service":"crm-backend","timestamp":"2026-06-30 16:34:43.565"}
{"api":"getAllCustomers","count":2,"level":"info","message":"Customers retrieved successfully","module":"customer","service":"crm-backend","timestamp":"2026-06-30 16:34:43.579"}
{"api":"getAllCustomers","level":"info","limit":"10","message":"Get all customers request","module":"customer","page":"1","service":"crm-backend","timestamp":"2026-06-30 16:34:43.587"}
{"api":"getAllCustomers","count":2,"level":"info","message":"Customers retrieved successfully","module":"customer","service":"crm-backend","timestamp":"2026-06-30 16:34:43.597"}
{"api":"getAllCustomers","level":"info","limit":"1000","message":"Get all customers request","module":"customer","page":"1","service":"crm-backend","timestamp":"2026-06-30 16:35:00.448"}
{"api":"getAllCustomers","count":2,"level":"info","message":"Customers retrieved successfully","module":"customer","service":"crm-backend","timestamp":"2026-06-30 16:35:00.460"}
{"api":"getAllCustomers","level":"info","limit":"1000","message":"Get all customers request","module":"customer","page":"1","service":"crm-backend","timestamp":"2026-06-30 16:35:00.471"}
{"api":"getAllCustomers","count":2,"level":"info","message":"Customers retrieved successfully","module":"customer","service":"crm-backend","timestamp":"2026-06-30 16:35:00.481"}
{"api":"getAllLeads","level":"info","limit":"1000","message":"Get all leads request","module":"lead","page":"1","service":"crm-backend","timestamp":"2026-06-30 16:35:00.493"}
{"api":"getAllLeads","count":1,"level":"info","message":"Leads retrieved successfully","module":"lead","service":"crm-backend","timestamp":"2026-06-30 16:35:00.503"}
{"api":"getAllLeads","level":"info","limit":"1000","message":"Get all leads request","module":"lead","page":"1","service":"crm-backend","timestamp":"2026-06-30 16:35:00.534"}
{"api":"getAllLeads","count":1,"level":"info","message":"Leads retrieved successfully","module":"lead","service":"crm-backend","timestamp":"2026-06-30 16:35:00.543"}
{"level":"info","message":"Starting CRM Backend Application...","service":"crm-backend","timestamp":"2026-06-30 16:35:24.147"}
{"level":"info","message":"Initializing database...","service":"crm-backend","timestamp":"2026-06-30 16:35:24.150"}
{"level":"info","message":" CRM Backend server started on http://localhost:3000","service":"crm-backend","timestamp":"2026-06-30 16:35:24.297"}
{"level":"info","message":" Environment: development","service":"crm-backend","timestamp":"2026-06-30 16:35:24.300"}
{"level":"info","message":" API Documentation: http://localhost:3000/health","service":"crm-backend","timestamp":"2026-06-30 16:35:24.301"}
{"api":"getAllCustomers","level":"info","limit":"1000","message":"Get all customers request","module":"customer","page":"1","service":"crm-backend","timestamp":"2026-06-30 16:35:39.557"}
{"api":"getAllCustomers","count":2,"level":"info","message":"Customers retrieved successfully","module":"customer","service":"crm-backend","timestamp":"2026-06-30 16:35:39.571"}
{"api":"getAllCustomers","level":"info","limit":"1000","message":"Get all customers request","module":"customer","page":"1","service":"crm-backend","timestamp":"2026-06-30 16:35:39.591"}
{"api":"getAllCustomers","count":2,"level":"info","message":"Customers retrieved successfully","module":"customer","service":"crm-backend","timestamp":"2026-06-30 16:35:39.601"}
{"api":"getAllLeads","level":"info","limit":"1000","message":"Get all leads request","module":"lead","page":"1","service":"crm-backend","timestamp":"2026-06-30 16:35:39.613"}
{"api":"getAllLeads","count":1,"level":"info","message":"Leads retrieved successfully","module":"lead","service":"crm-backend","timestamp":"2026-06-30 16:35:39.631"}
{"api":"getAllLeads","level":"info","limit":"1000","message":"Get all leads request","module":"lead","page":"1","service":"crm-backend","timestamp":"2026-06-30 16:35:39.643"}
{"api":"getAllLeads","count":1,"level":"info","message":"Leads retrieved successfully","module":"lead","service":"crm-backend","timestamp":"2026-06-30 16:35:39.651"}
{"api":"createCustomer","apiId":"b3511221-fb5e-4cf3-b13c-fd2a670dae36","email":"admin@crm.com","level":"info","message":"Create customer request","module":"customer","name":"deeksha","service":"crm-backend","timestamp":"2026-06-30 16:36:33.574"}
{"api":"createCustomer","apiId":"b3511221-fb5e-4cf3-b13c-fd2a670dae36","customerId":15,"level":"info","message":"Customer created successfully","module":"customer","service":"crm-backend","timestamp":"2026-06-30 16:36:33.601"}
{"api":"getAllCustomers","level":"info","limit":"10","message":"Get all customers request","module":"customer","page":"1","service":"crm-backend","timestamp":"2026-06-30 16:36:35.150"}
{"api":"getAllCustomers","count":3,"level":"info","message":"Customers retrieved successfully","module":"customer","service":"crm-backend","timestamp":"2026-06-30 16:36:35.158"}
{"api":"getAllCustomers","level":"info","limit":"10","message":"Get all customers request","module":"customer","page":"1","service":"crm-backend","timestamp":"2026-06-30 16:36:35.169"}
{"api":"getAllCustomers","count":3,"level":"info","message":"Customers retrieved successfully","module":"customer","service":"crm-backend","timestamp":"2026-06-30 16:36:35.178"}
{"api":"getAllUsers","level":"info","limit":"10","message":"Get all users request","module":"admin","page":"1","search":"","service":"crm-backend","status":"all","timestamp":"2026-06-30 16:36:37.342"}
{"api":"getUnverifiedUsers","level":"info","message":"Get unverified users request","module":"admin","service":"crm-backend","timestamp":"2026-06-30 16:36:37.355"}
{"api":"getAllUsers","count":2,"level":"info","message":"Users fetched successfully","module":"admin","service":"crm-backend","timestamp":"2026-06-30 16:36:37.378","total":2}
{"api":"getUnverifiedUsers","count":0,"level":"info","message":"Unverified users fetched successfully","module":"admin","service":"crm-backend","timestamp":"2026-06-30 16:36:37.383"}
{"api":"getAllUsers","level":"info","limit":"10","message":"Get all users request","module":"admin","page":"1","search":"","service":"crm-backend","status":"all","timestamp":"2026-06-30 16:36:37.394"}
{"api":"getUnverifiedUsers","level":"info","message":"Get unverified users request","module":"admin","service":"crm-backend","timestamp":"2026-06-30 16:36:37.403"}
{"api":"getUnverifiedUsers","count":0,"level":"info","message":"Unverified users fetched successfully","module":"admin","service":"crm-backend","timestamp":"2026-06-30 16:36:37.422"}
{"api":"getAllUsers","count":2,"level":"info","message":"Users fetched successfully","module":"admin","service":"crm-backend","timestamp":"2026-06-30 16:36:37.454","total":2}
{"api":"getAllCustomers","level":"info","limit":"10","message":"Get all customers request","module":"customer","page":"1","service":"crm-backend","timestamp":"2026-06-30 16:36:39.589"}
{"api":"getAllCustomers","count":3,"level":"info","message":"Customers retrieved successfully","module":"customer","service":"crm-backend","timestamp":"2026-06-30 16:36:39.601"}
{"api":"getAllCustomers","level":"info","limit":"10","message":"Get all customers request","module":"customer","page":"1","service":"crm-backend","timestamp":"2026-06-30 16:36:39.618"}
{"api":"getAllCustomers","count":3,"level":"info","message":"Customers retrieved successfully","module":"customer","service":"crm-backend","timestamp":"2026-06-30 16:36:39.626"}
{"api":"getAllCustomers","level":"info","limit":"1000","message":"Get all customers request","module":"customer","page":"1","service":"crm-backend","timestamp":"2026-06-30 16:36:40.339"}
{"api":"getAllCustomers","count":3,"level":"info","message":"Customers retrieved successfully","module":"customer","service":"crm-backend","timestamp":"2026-06-30 16:36:40.347"}
{"api":"getAllCustomers","level":"info","limit":"1000","message":"Get all customers request","module":"customer","page":"1","service":"crm-backend","timestamp":"2026-06-30 16:36:40.361"}
{"api":"getAllLeads","level":"info","limit":"1000","message":"Get all leads request","module":"lead","page":"1","service":"crm-backend","timestamp":"2026-06-30 16:36:40.376"}
{"api":"getAllCustomers","count":3,"level":"info","message":"Customers retrieved successfully","module":"customer","service":"crm-backend","timestamp":"2026-06-30 16:36:40.379"}
{"api":"getAllLeads","count":1,"level":"info","message":"Leads retrieved successfully","module":"lead","service":"crm-backend","timestamp":"2026-06-30 16:36:40.386"}
{"api":"getAllLeads","level":"info","limit":"1000","message":"Get all leads request","module":"lead","page":"1","service":"crm-backend","timestamp":"2026-06-30 16:36:40.398"}
{"api":"getAllLeads","count":1,"level":"info","message":"Leads retrieved successfully","module":"lead","service":"crm-backend","timestamp":"2026-06-30 16:36:40.404"}
{"api":"createLead","apiId":"6a8116b3-b78c-431b-b510-09290731ecc1","email":"deekshhfio@gmail.com","level":"info","message":"Create lead request","module":"lead","name":"deeksha","service":"crm-backend","timestamp":"2026-06-30 16:37:02.145"}
{"api":"createLead","apiId":"6a8116b3-b78c-431b-b510-09290731ecc1","leadId":30,"level":"info","message":"Lead created successfully","module":"lead","service":"crm-backend","timestamp":"2026-06-30 16:37:02.168"}
{"api":"getAllLeads","level":"info","limit":"10","message":"Get all leads request","module":"lead","page":"1","service":"crm-backend","timestamp":"2026-06-30 16:37:03.718"}
{"api":"getAllLeads","count":2,"level":"info","message":"Leads retrieved successfully","module":"lead","service":"crm-backend","timestamp":"2026-06-30 16:37:03.724"}
{"api":"getAllLeads","level":"info","limit":"10","message":"Get all leads request","module":"lead","page":"1","service":"crm-backend","timestamp":"2026-06-30 16:37:03.767"}
{"api":"getAllLeads","count":2,"level":"info","message":"Leads retrieved successfully","module":"lead","service":"crm-backend","timestamp":"2026-06-30 16:37:03.779"}
{"api":"getUnverifiedUsers","level":"info","message":"Get unverified users request","module":"admin","service":"crm-backend","timestamp":"2026-06-30 16:37:07.258"}
{"api":"getAllUsers","level":"info","limit":"10","message":"Get all users request","module":"admin","page":"1","search":"","service":"crm-backend","status":"all","timestamp":"2026-06-30 16:37:07.264"}
{"api":"getUnverifiedUsers","count":0,"level":"info","message":"Unverified users fetched successfully","module":"admin","service":"crm-backend","timestamp":"2026-06-30 16:37:07.269"}
{"api":"getUnverifiedUsers","level":"info","message":"Get unverified users request","module":"admin","service":"crm-backend","timestamp":"2026-06-30 16:37:07.285"}
{"api":"getAllUsers","count":2,"level":"info","message":"Users fetched successfully","module":"admin","service":"crm-backend","timestamp":"2026-06-30 16:37:07.289","total":2}
{"api":"getUnverifiedUsers","count":0,"level":"info","message":"Unverified users fetched successfully","module":"admin","service":"crm-backend","timestamp":"2026-06-30 16:37:07.292"}
{"api":"getAllUsers","level":"info","limit":"10","message":"Get all users request","module":"admin","page":"1","search":"","service":"crm-backend","status":"all","timestamp":"2026-06-30 16:37:07.301"}
{"api":"getAllUsers","count":2,"level":"info","message":"Users fetched successfully","module":"admin","service":"crm-backend","timestamp":"2026-06-30 16:37:07.307","total":2}
{"api":"getAllCustomers","level":"info","limit":"1000","message":"Get all customers request","module":"customer","page":"1","service":"crm-backend","timestamp":"2026-06-30 16:37:09.105"}
{"api":"getAllCustomers","count":3,"level":"info","message":"Customers retrieved successfully","module":"customer","service":"crm-backend","timestamp":"2026-06-30 16:37:09.112"}
{"api":"getAllCustomers","level":"info","limit":"1000","message":"Get all customers request","module":"customer","page":"1","service":"crm-backend","timestamp":"2026-06-30 16:37:09.125"}
{"api":"getAllLeads","level":"info","limit":"1000","message":"Get all leads request","module":"lead","page":"1","service":"crm-backend","timestamp":"2026-06-30 16:37:09.141"}
{"api":"getAllCustomers","count":3,"level":"info","message":"Customers retrieved successfully","module":"customer","service":"crm-backend","timestamp":"2026-06-30 16:37:09.144"}
{"api":"getAllLeads","count":2,"level":"info","message":"Leads retrieved successfully","module":"lead","service":"crm-backend","timestamp":"2026-06-30 16:37:09.152"}
{"api":"getAllLeads","level":"info","limit":"1000","message":"Get all leads request","module":"lead","page":"1","service":"crm-backend","timestamp":"2026-06-30 16:37:09.163"}
{"api":"getAllLeads","count":2,"level":"info","message":"Leads retrieved successfully","module":"lead","service":"crm-backend","timestamp":"2026-06-30 16:37:09.169"}
{"level":"info","message":"Starting CRM Backend Application...","service":"crm-backend","timestamp":"2026-06-30 16:38:00.087"}
{"level":"info","message":"Initializing database...","service":"crm-backend","timestamp":"2026-06-30 16:38:00.089"}
{"level":"info","message":" CRM Backend server started on http://localhost:3000","service":"crm-backend","timestamp":"2026-06-30 16:38:00.162"}
{"level":"info","message":" Environment: development","service":"crm-backend","timestamp":"2026-06-30 16:38:00.163"}
{"level":"info","message":" API Documentation: http://localhost:3000/health","service":"crm-backend","timestamp":"2026-06-30 16:38:00.163"}
{"level":"info","message":"Starting CRM Backend Application...","service":"crm-backend","timestamp":"2026-06-30 16:38:04.079"}
{"level":"info","message":"Initializing database...","service":"crm-backend","timestamp":"2026-06-30 16:38:04.081"}
{"level":"info","message":" CRM Backend server started on http://localhost:3000","service":"crm-backend","timestamp":"2026-06-30 16:38:04.188"}
{"level":"info","message":" Environment: development","service":"crm-backend","timestamp":"2026-06-30 16:38:04.189"}
{"level":"info","message":" API Documentation: http://localhost:3000/health","service":"crm-backend","timestamp":"2026-06-30 16:38:04.189"}
{"api":"getAllCustomers","level":"info","limit":"1000","message":"Get all customers request","module":"customer","page":"1","service":"crm-backend","timestamp":"2026-06-30 16:47:11.524"}
{"api":"getAllCustomers","count":3,"level":"info","message":"Customers retrieved successfully","module":"customer","service":"crm-backend","timestamp":"2026-06-30 16:47:11.564"}
{"api":"getAllCustomers","level":"info","limit":"1000","message":"Get all customers request","module":"customer","page":"1","service":"crm-backend","timestamp":"2026-06-30 16:47:11.583"}
{"api":"getAllLeads","level":"info","limit":"1000","message":"Get all leads request","module":"lead","page":"1","service":"crm-backend","timestamp":"2026-06-30 16:47:11.600"}
{"api":"getAllCustomers","count":3,"level":"info","message":"Customers retrieved successfully","module":"customer","service":"crm-backend","timestamp":"2026-06-30 16:47:11.613"}
{"api":"getAllCustomers","level":"info","limit":"1000","message":"Get all customers request","module":"customer","page":"1","service":"crm-backend","timestamp":"2026-06-30 16:47:11.636"}
{"api":"getAllCustomers","count":3,"level":"info","message":"Customers retrieved successfully","module":"customer","service":"crm-backend","timestamp":"2026-06-30 16:47:11.657"}
{"api":"getAllCustomers","level":"info","limit":"1000","message":"Get all customers request","module":"customer","page":"1","service":"crm-backend","timestamp":"2026-06-30 16:47:11.669"}
{"api":"getAllLeads","count":2,"level":"info","message":"Leads retrieved successfully","module":"lead","service":"crm-backend","timestamp":"2026-06-30 16:47:11.678"}
{"api":"getAllCustomers","count":3,"level":"info","message":"Customers retrieved successfully","module":"customer","service":"crm-backend","timestamp":"2026-06-30 16:47:11.685"}
{"api":"getAllLeads","level":"info","limit":"1000","message":"Get all leads request","module":"lead","page":"1","service":"crm-backend","timestamp":"2026-06-30 16:47:11.693"}
{"api":"getAllLeads","count":2,"level":"info","message":"Leads retrieved successfully","module":"lead","service":"crm-backend","timestamp":"2026-06-30 16:47:11.703"}
{"api":"getAllLeads","level":"info","limit":"1000","message":"Get all leads request","module":"lead","page":"1","service":"crm-backend","timestamp":"2026-06-30 16:47:11.712"}
{"api":"getAllLeads","count":2,"level":"info","message":"Leads retrieved successfully","module":"lead","service":"crm-backend","timestamp":"2026-06-30 16:47:11.718"}
{"api":"getAllLeads","level":"info","limit":"1000","message":"Get all leads request","module":"lead","page":"1","service":"crm-backend","timestamp":"2026-06-30 16:47:11.727"}
{"api":"getAllLeads","count":2,"level":"info","message":"Leads retrieved successfully","module":"lead","service":"crm-backend","timestamp":"2026-06-30 16:47:11.733"}
{"api":"getAllUsers","level":"info","limit":"10","message":"Get all users request","module":"admin","page":"1","search":"","service":"crm-backend","status":"all","timestamp":"2026-06-30 16:47:21.853"}
{"api":"getUnverifiedUsers","level":"info","message":"Get unverified users request","module":"admin","service":"crm-backend","timestamp":"2026-06-30 16:47:21.863"}
{"api":"getUnverifiedUsers","count":0,"level":"info","message":"Unverified users fetched successfully","module":"admin","service":"crm-backend","timestamp":"2026-06-30 16:47:21.879"}
{"api":"getUnverifiedUsers","level":"info","message":"Get unverified users request","module":"admin","service":"crm-backend","timestamp":"2026-06-30 16:47:21.891"}
{"api":"getAllUsers","count":2,"level":"info","message":"Users fetched successfully","module":"admin","service":"crm-backend","timestamp":"2026-06-30 16:47:21.894","total":2}
{"api":"getUnverifiedUsers","count":0,"level":"info","message":"Unverified users fetched successfully","module":"admin","service":"crm-backend","timestamp":"2026-06-30 16:47:21.898"}
{"api":"getAllUsers","level":"info","limit":"10","message":"Get all users request","module":"admin","page":"1","search":"","service":"crm-backend","status":"all","timestamp":"2026-06-30 16:47:21.912"}
{"api":"getAllUsers","count":2,"level":"info","message":"Users fetched successfully","module":"admin","service":"crm-backend","timestamp":"2026-06-30 16:47:21.927","total":2}
{"api":"getAllLeads","level":"info","limit":"10","message":"Get all leads request","module":"lead","page":"1","service":"crm-backend","timestamp":"2026-06-30 16:47:26.890"}
{"api":"getAllLeads","count":2,"level":"info","message":"Leads retrieved successfully","module":"lead","service":"crm-backend","timestamp":"2026-06-30 16:47:26.897"}
{"api":"getAllLeads","level":"info","limit":"10","message":"Get all leads request","module":"lead","page":"1","service":"crm-backend","timestamp":"2026-06-30 16:47:26.908"}
{"api":"getAllLeads","count":2,"level":"info","message":"Leads retrieved successfully","module":"lead","service":"crm-backend","timestamp":"2026-06-30 16:47:26.915"}
{"api":"getAllCustomers","level":"info","limit":"1000","message":"Get all customers request","module":"customer","page":"1","service":"crm-backend","timestamp":"2026-06-30 16:47:28.327"}
{"api":"getAllCustomers","count":3,"level":"info","message":"Customers retrieved successfully","module":"customer","service":"crm-backend","timestamp":"2026-06-30 16:47:28.337"}
{"api":"getAllCustomers","level":"info","limit":"1000","message":"Get all customers request","module":"customer","page":"1","service":"crm-backend","timestamp":"2026-06-30 16:47:28.349"}
{"api":"getAllLeads","level":"info","limit":"1000","message":"Get all leads request","module":"lead","page":"1","service":"crm-backend","timestamp":"2026-06-30 16:47:28.367"}
{"api":"getAllCustomers","count":3,"level":"info","message":"Customers retrieved successfully","module":"customer","service":"crm-backend","timestamp":"2026-06-30 16:47:28.370"}
{"api":"getAllLeads","count":2,"level":"info","message":"Leads retrieved successfully","module":"lead","service":"crm-backend","timestamp":"2026-06-30 16:47:28.378"}
{"api":"getAllLeads","level":"info","limit":"1000","message":"Get all leads request","module":"lead","page":"1","service":"crm-backend","timestamp":"2026-06-30 16:47:28.387"}
{"api":"getAllLeads","count":2,"level":"info","message":"Leads retrieved successfully","module":"lead","service":"crm-backend","timestamp":"2026-06-30 16:47:28.392"}
{"api":"createCustomer","apiId":"38d6bfee-2ae3-4c0a-adc8-abff3dd8cac0","email":"deekshhfio@gmail.com","level":"info","message":"Create customer request","module":"customer","name":"deeksha","service":"crm-backend","timestamp":"2026-06-30 16:50:28.157"}
{"api":"createCustomer","apiId":"38d6bfee-2ae3-4c0a-adc8-abff3dd8cac0","customerId":16,"level":"info","message":"Customer created successfully","module":"customer","service":"crm-backend","timestamp":"2026-06-30 16:50:28.182"}
{"api":"getAllCustomers","level":"info","limit":"10","message":"Get all customers request","module":"customer","page":"1","service":"crm-backend","timestamp":"2026-06-30 16:50:29.726"}
{"api":"getAllCustomers","count":4,"level":"info","message":"Customers retrieved successfully","module":"customer","service":"crm-backend","timestamp":"2026-06-30 16:50:29.732"}
{"api":"getAllCustomers","level":"info","limit":"10","message":"Get all customers request","module":"customer","page":"1","service":"crm-backend","timestamp":"2026-06-30 16:50:29.738"}
{"api":"getAllCustomers","count":4,"level":"info","message":"Customers retrieved successfully","module":"customer","service":"crm-backend","timestamp":"2026-06-30 16:50:29.742"}
{"api":"getAllCustomers","level":"info","limit":"1000","message":"Get all customers request","module":"customer","page":"1","service":"crm-backend","timestamp":"2026-06-30 16:50:36.431"}
{"api":"getAllCustomers","count":4,"level":"info","message":"Customers retrieved successfully","module":"customer","service":"crm-backend","timestamp":"2026-06-30 16:50:36.441"}
{"api":"getAllCustomers","level":"info","limit":"1000","message":"Get all customers request","module":"customer","page":"1","service":"crm-backend","timestamp":"2026-06-30 16:50:36.449"}
{"api":"getAllLeads","level":"info","limit":"1000","message":"Get all leads request","module":"lead","page":"1","service":"crm-backend","timestamp":"2026-06-30 16:50:36.460"}
{"api":"getAllCustomers","count":4,"level":"info","message":"Customers retrieved successfully","module":"customer","service":"crm-backend","timestamp":"2026-06-30 16:50:36.463"}
{"api":"getAllLeads","count":2,"level":"info","message":"Leads retrieved successfully","module":"lead","service":"crm-backend","timestamp":"2026-06-30 16:50:36.469"}
{"api":"getAllLeads","level":"info","limit":"1000","message":"Get all leads request","module":"lead","page":"1","service":"crm-backend","timestamp":"2026-06-30 16:50:36.477"}
{"api":"getAllLeads","count":2,"level":"info","message":"Leads retrieved successfully","module":"lead","service":"crm-backend","timestamp":"2026-06-30 16:50:36.482"}
{"api":"getAllCustomers","level":"info","limit":"10","message":"Get all customers request","module":"customer","page":"1","service":"crm-backend","timestamp":"2026-06-30 16:50:42.296"}
{"api":"getAllCustomers","count":4,"level":"info","message":"Customers retrieved successfully","module":"customer","service":"crm-backend","timestamp":"2026-06-30 16:50:42.304"}
{"api":"getAllCustomers","level":"info","limit":"10","message":"Get all customers request","module":"customer","page":"1","service":"crm-backend","timestamp":"2026-06-30 16:50:42.312"}
{"api":"getAllCustomers","count":4,"level":"info","message":"Customers retrieved successfully","module":"customer","service":"crm-backend","timestamp":"2026-06-30 16:50:42.316"}
{"api":"getAllCustomers","level":"info","limit":"1000","message":"Get all customers request","module":"customer","page":"1","service":"crm-backend","timestamp":"2026-06-30 16:51:40.487"}
{"api":"getAllCustomers","count":4,"level":"info","message":"Customers retrieved successfully","module":"customer","service":"crm-backend","timestamp":"2026-06-30 16:51:40.492"}
{"api":"getAllCustomers","level":"info","limit":"1000","message":"Get all customers request","module":"customer","page":"1","service":"crm-backend","timestamp":"2026-06-30 16:51:40.499"}
{"api":"getAllLeads","level":"info","limit":"1000","message":"Get all leads request","module":"lead","page":"1","service":"crm-backend","timestamp":"2026-06-30 16:51:40.507"}
{"api":"getAllCustomers","count":4,"level":"info","message":"Customers retrieved successfully","module":"customer","service":"crm-backend","timestamp":"2026-06-30 16:51:40.509"}
{"api":"getAllLeads","count":2,"level":"info","message":"Leads retrieved successfully","module":"lead","service":"crm-backend","timestamp":"2026-06-30 16:51:40.515"}
{"api":"getAllLeads","level":"info","limit":"1000","message":"Get all leads request","module":"lead","page":"1","service":"crm-backend","timestamp":"2026-06-30 16:51:40.522"}
{"api":"getAllLeads","count":2,"level":"info","message":"Leads retrieved successfully","module":"lead","service":"crm-backend","timestamp":"2026-06-30 16:51:40.526"}
{"api":"getAllLeads","level":"info","limit":"10","message":"Get all leads request","module":"lead","page":"1","service":"crm-backend","timestamp":"2026-06-30 16:51:43.963"}
{"api":"getAllLeads","count":2,"level":"info","message":"Leads retrieved successfully","module":"lead","service":"crm-backend","timestamp":"2026-06-30 16:51:43.969"}
{"api":"getAllLeads","level":"info","limit":"10","message":"Get all leads request","module":"lead","page":"1","service":"crm-backend","timestamp":"2026-06-30 16:51:43.977"}
{"api":"getAllLeads","count":2,"level":"info","message":"Leads retrieved successfully","module":"lead","service":"crm-backend","timestamp":"2026-06-30 16:51:43.981"}
{"api":"getAllCustomers","level":"info","limit":"1000","message":"Get all customers request","module":"customer","page":"1","service":"crm-backend","timestamp":"2026-06-30 16:51:46.172"}
{"api":"getAllCustomers","count":4,"level":"info","message":"Customers retrieved successfully","module":"customer","service":"crm-backend","timestamp":"2026-06-30 16:51:46.176"}
{"api":"getAllCustomers","level":"info","limit":"1000","message":"Get all customers request","module":"customer","page":"1","service":"crm-backend","timestamp":"2026-06-30 16:51:46.184"}
{"api":"getAllLeads","level":"info","limit":"1000","message":"Get all leads request","module":"lead","page":"1","service":"crm-backend","timestamp":"2026-06-30 16:51:46.192"}
{"api":"getAllCustomers","count":4,"level":"info","message":"Customers retrieved successfully","module":"customer","service":"crm-backend","timestamp":"2026-06-30 16:51:46.194"}
{"api":"getAllLeads","count":2,"level":"info","message":"Leads retrieved successfully","module":"lead","service":"crm-backend","timestamp":"2026-06-30 16:51:46.202"}
{"api":"getAllLeads","level":"info","limit":"1000","message":"Get all leads request","module":"lead","page":"1","service":"crm-backend","timestamp":"2026-06-30 16:51:46.210"}
{"api":"getAllLeads","count":2,"level":"info","message":"Leads retrieved successfully","module":"lead","service":"crm-backend","timestamp":"2026-06-30 16:51:46.214"}
{"api":"getAllUsers","level":"info","limit":"10","message":"Get all users request","module":"admin","page":"1","search":"","service":"crm-backend","status":"all","timestamp":"2026-06-30 16:51:47.466"}
{"api":"getUnverifiedUsers","level":"info","message":"Get unverified users request","module":"admin","service":"crm-backend","timestamp":"2026-06-30 16:51:47.472"}
{"api":"getAllUsers","count":2,"level":"info","message":"Users fetched successfully","module":"admin","service":"crm-backend","timestamp":"2026-06-30 16:51:47.476","total":2}
{"api":"getUnverifiedUsers","count":0,"level":"info","message":"Unverified users fetched successfully","module":"admin","service":"crm-backend","timestamp":"2026-06-30 16:51:47.479"}
{"api":"getAllUsers","level":"info","limit":"10","message":"Get all users request","module":"admin","page":"1","search":"","service":"crm-backend","status":"all","timestamp":"2026-06-30 16:51:47.485"}
{"api":"getUnverifiedUsers","level":"info","message":"Get unverified users request","module":"admin","service":"crm-backend","timestamp":"2026-06-30 16:51:47.490"}
{"api":"getUnverifiedUsers","count":0,"level":"info","message":"Unverified users fetched successfully","module":"admin","service":"crm-backend","timestamp":"2026-06-30 16:51:47.493"}
{"api":"getAllUsers","count":2,"level":"info","message":"Users fetched successfully","module":"admin","service":"crm-backend","timestamp":"2026-06-30 16:51:47.500","total":2}
{"api":"getAllLeads","level":"info","limit":"10","message":"Get all leads request","module":"lead","page":"1","service":"crm-backend","timestamp":"2026-06-30 16:51:57.829"}
{"api":"getAllLeads","count":2,"level":"info","message":"Leads retrieved successfully","module":"lead","service":"crm-backend","timestamp":"2026-06-30 16:51:57.844"}
{"api":"getAllLeads","level":"info","limit":"10","message":"Get all leads request","module":"lead","page":"1","service":"crm-backend","timestamp":"2026-06-30 16:51:57.854"}
{"api":"getAllLeads","count":2,"level":"info","message":"Leads retrieved successfully","module":"lead","service":"crm-backend","timestamp":"2026-06-30 16:51:57.860"}
{"api":"getAllCustomers","level":"info","limit":"10","message":"Get all customers request","module":"customer","page":"1","service":"crm-backend","timestamp":"2026-06-30 16:52:00.547"}
{"api":"getAllCustomers","count":4,"level":"info","message":"Customers retrieved successfully","module":"customer","service":"crm-backend","timestamp":"2026-06-30 16:52:00.554"}
{"api":"getAllCustomers","level":"info","limit":"10","message":"Get all customers request","module":"customer","page":"1","service":"crm-backend","timestamp":"2026-06-30 16:52:00.561"}
{"api":"getAllCustomers","count":4,"level":"info","message":"Customers retrieved successfully","module":"customer","service":"crm-backend","timestamp":"2026-06-30 16:52:00.565"}
{"api":"getAllCustomers","level":"info","limit":"1000","message":"Get all customers request","module":"customer","page":"1","service":"crm-backend","timestamp":"2026-06-30 16:52:01.461"}
{"api":"getAllCustomers","count":4,"level":"info","message":"Customers retrieved successfully","module":"customer","service":"crm-backend","timestamp":"2026-06-30 16:52:01.466"}
{"api":"getAllCustomers","level":"info","limit":"1000","message":"Get all customers request","module":"customer","page":"1","service":"crm-backend","timestamp":"2026-06-30 16:52:01.473"}
{"api":"getAllLeads","level":"info","limit":"1000","message":"Get all leads request","module":"lead","page":"1","service":"crm-backend","timestamp":"2026-06-30 16:52:01.481"}
{"api":"getAllCustomers","count":4,"level":"info","message":"Customers retrieved successfully","module":"customer","service":"crm-backend","timestamp":"2026-06-30 16:52:01.485"}
{"api":"getAllLeads","count":2,"level":"info","message":"Leads retrieved successfully","module":"lead","service":"crm-backend","timestamp":"2026-06-30 16:52:01.491"}
{"api":"getAllLeads","level":"info","limit":"1000","message":"Get all leads request","module":"lead","page":"1","service":"crm-backend","timestamp":"2026-06-30 16:52:01.497"}
{"api":"getAllLeads","count":2,"level":"info","message":"Leads retrieved successfully","module":"lead","service":"crm-backend","timestamp":"2026-06-30 16:52:01.500"}
{"api":"getAllCustomers","level":"info","limit":"1000","message":"Get all customers request","module":"customer","page":"1","service":"crm-backend","timestamp":"2026-06-30 16:53:56.009"}
{"api":"getAllCustomers","count":4,"level":"info","message":"Customers retrieved successfully","module":"customer","service":"crm-backend","timestamp":"2026-06-30 16:53:56.014"}
{"api":"getAllCustomers","level":"info","limit":"1000","message":"Get all customers request","module":"customer","page":"1","service":"crm-backend","timestamp":"2026-06-30 16:53:56.018"}
{"api":"getAllCustomers","count":4,"level":"info","message":"Customers retrieved successfully","module":"customer","service":"crm-backend","timestamp":"2026-06-30 16:53:56.022"}
{"api":"getAllLeads","level":"info","limit":"1000","message":"Get all leads request","module":"lead","page":"1","service":"crm-backend","timestamp":"2026-06-30 16:53:56.068"}
{"api":"getAllLeads","count":2,"level":"info","message":"Leads retrieved successfully","module":"lead","service":"crm-backend","timestamp":"2026-06-30 16:53:56.072"}
{"api":"getAllCustomers","level":"info","limit":"1000","message":"Get all customers request","module":"customer","page":"1","service":"crm-backend","timestamp":"2026-06-30 16:53:56.077"}
{"api":"getAllLeads","level":"info","limit":"1000","message":"Get all leads request","module":"lead","page":"1","service":"crm-backend","timestamp":"2026-06-30 16:53:56.083"}
{"api":"getAllCustomers","count":4,"level":"info","message":"Customers retrieved successfully","module":"customer","service":"crm-backend","timestamp":"2026-06-30 16:53:56.088"}
{"api":"getAllLeads","count":2,"level":"info","message":"Leads retrieved successfully","module":"lead","service":"crm-backend","timestamp":"2026-06-30 16:53:56.091"}
{"api":"getAllCustomers","level":"info","limit":"1000","message":"Get all customers request","module":"customer","page":"1","service":"crm-backend","timestamp":"2026-06-30 16:53:56.104"}
{"api":"getAllCustomers","count":4,"level":"info","message":"Customers retrieved successfully","module":"customer","service":"crm-backend","timestamp":"2026-06-30 16:53:56.109"}
{"api":"getAllLeads","level":"info","limit":"1000","message":"Get all leads request","module":"lead","page":"1","service":"crm-backend","timestamp":"2026-06-30 16:53:56.117"}
{"api":"getAllLeads","count":2,"level":"info","message":"Leads retrieved successfully","module":"lead","service":"crm-backend","timestamp":"2026-06-30 16:53:56.122"}
{"api":"getAllLeads","level":"info","limit":"1000","message":"Get all leads request","module":"lead","page":"1","service":"crm-backend","timestamp":"2026-06-30 16:53:56.130"}
{"api":"getAllLeads","count":2,"level":"info","message":"Leads retrieved successfully","module":"lead","service":"crm-backend","timestamp":"2026-06-30 16:53:56.138"}
{"api":"getAllUsers","level":"info","limit":"10","message":"Get all users request","module":"admin","page":"1","search":"","service":"crm-backend","status":"all","timestamp":"2026-06-30 16:55:43.547"}
{"api":"getUnverifiedUsers","level":"info","message":"Get unverified users request","module":"admin","service":"crm-backend","timestamp":"2026-06-30 16:55:43.552"}
{"api":"getUnverifiedUsers","count":0,"level":"info","message":"Unverified users fetched successfully","module":"admin","service":"crm-backend","timestamp":"2026-06-30 16:55:43.556"}
{"api":"getAllUsers","count":2,"level":"info","message":"Users fetched successfully","module":"admin","service":"crm-backend","timestamp":"2026-06-30 16:55:43.559","total":2}
{"api":"getUnverifiedUsers","level":"info","message":"Get unverified users request","module":"admin","service":"crm-backend","timestamp":"2026-06-30 16:55:43.570"}
{"api":"getAllUsers","level":"info","limit":"10","message":"Get all users request","module":"admin","page":"1","search":"","service":"crm-backend","status":"all","timestamp":"2026-06-30 16:55:43.583"}
{"api":"getUnverifiedUsers","count":0,"level":"info","message":"Unverified users fetched successfully","module":"admin","service":"crm-backend","timestamp":"2026-06-30 16:55:43.597"}
{"api":"getAllUsers","count":2,"level":"info","message":"Users fetched successfully","module":"admin","service":"crm-backend","timestamp":"2026-06-30 16:55:43.604","total":2}
{"api":"deleteUser","level":"info","message":"Delete user request","module":"admin","service":"crm-backend","timestamp":"2026-06-30 16:55:49.367","userId":"1"}
{"api":"deleteUser","level":"info","message":"User deleted successfully","module":"admin","service":"crm-backend","timestamp":"2026-06-30 16:55:49.384","userId":"1"}
{"api":"getAllUsers","level":"info","limit":"10","message":"Get all users request","module":"admin","page":"1","search":"","service":"crm-backend","status":"all","timestamp":"2026-06-30 16:55:49.399"}
{"api":"getAllUsers","count":1,"level":"info","message":"Users fetched successfully","module":"admin","service":"crm-backend","timestamp":"2026-06-30 16:55:49.407","total":1}
{"api":"getUnverifiedUsers","level":"info","message":"Get unverified users request","module":"admin","service":"crm-backend","timestamp":"2026-06-30 16:55:49.420"}
{"api":"getUnverifiedUsers","count":0,"level":"info","message":"Unverified users fetched successfully","module":"admin","service":"crm-backend","timestamp":"2026-06-30 16:55:49.424"}
{"api":"deleteUser","level":"info","message":"Delete user request","module":"admin","service":"crm-backend","timestamp":"2026-06-30 16:55:55.201","userId":"2"}
{"api":"deleteUser","level":"info","message":"User deleted successfully","module":"admin","service":"crm-backend","timestamp":"2026-06-30 16:55:55.222","userId":"2"}
{"api":"getAllUsers","level":"info","limit":"10","message":"Get all users request","module":"admin","page":"1","search":"","service":"crm-backend","status":"all","timestamp":"2026-06-30 16:55:55.238"}
{"api":"getAllUsers","count":0,"level":"info","message":"Users fetched successfully","module":"admin","service":"crm-backend","timestamp":"2026-06-30 16:55:55.246","total":0}
{"api":"getUnverifiedUsers","level":"info","message":"Get unverified users request","module":"admin","service":"crm-backend","timestamp":"2026-06-30 16:55:55.261"}
{"api":"getUnverifiedUsers","count":0,"level":"info","message":"Unverified users fetched successfully","module":"admin","service":"crm-backend","timestamp":"2026-06-30 16:55:55.266"}
{"api":"getAllCustomers","level":"info","limit":"10","message":"Get all customers request","module":"customer","page":"1","service":"crm-backend","timestamp":"2026-06-30 16:56:02.137"}
{"api":"getAllCustomers","count":4,"level":"info","message":"Customers retrieved successfully","module":"customer","service":"crm-backend","timestamp":"2026-06-30 16:56:02.142"}
{"api":"getAllCustomers","level":"info","limit":"10","message":"Get all customers request","module":"customer","page":"1","service":"crm-backend","timestamp":"2026-06-30 16:56:02.150"}
{"api":"getAllCustomers","count":4,"level":"info","message":"Customers retrieved successfully","module":"customer","service":"crm-backend","timestamp":"2026-06-30 16:56:02.156"}
{"api":"deleteCustomer","customerId":"16","level":"info","message":"Delete customer request","module":"customer","service":"crm-backend","timestamp":"2026-06-30 16:56:08.138"}
{"api":"deleteCustomer","customerId":"16","level":"info","message":"Customer deleted successfully","module":"customer","service":"crm-backend","timestamp":"2026-06-30 16:56:08.156"}
{"api":"getAllCustomers","level":"info","limit":"10","message":"Get all customers request","module":"customer","page":"1","service":"crm-backend","timestamp":"2026-06-30 16:56:08.176"}
{"api":"getAllCustomers","count":3,"level":"info","message":"Customers retrieved successfully","module":"customer","service":"crm-backend","timestamp":"2026-06-30 16:56:08.181"}
{"api":"deleteCustomer","customerId":"15","level":"info","message":"Delete customer request","module":"customer","service":"crm-backend","timestamp":"2026-06-30 16:56:13.555"}
{"api":"deleteCustomer","customerId":"15","level":"info","message":"Customer deleted successfully","module":"customer","service":"crm-backend","timestamp":"2026-06-30 16:56:13.570"}
{"api":"getAllCustomers","level":"info","limit":"10","message":"Get all customers request","module":"customer","page":"1","service":"crm-backend","timestamp":"2026-06-30 16:56:13.590"}
{"api":"getAllCustomers","count":2,"level":"info","message":"Customers retrieved successfully","module":"customer","service":"crm-backend","timestamp":"2026-06-30 16:56:13.596"}
{"api":"getCustomerById","customerId":"14","level":"info","message":"Get customer by ID request","module":"customer","service":"crm-backend","timestamp":"2026-06-30 16:56:16.606"}
{"api":"getCustomerById","customerId":"14","level":"info","message":"Customer retrieved successfully","module":"customer","service":"crm-backend","timestamp":"2026-06-30 16:56:16.613"}
{"api":"getCustomerById","customerId":"14","level":"info","message":"Get customer by ID request","module":"customer","service":"crm-backend","timestamp":"2026-06-30 16:56:16.621"}
{"api":"getCustomerById","customerId":"14","level":"info","message":"Customer retrieved successfully","module":"customer","service":"crm-backend","timestamp":"2026-06-30 16:56:16.625"}
{"api":"updateCustomer","customerId":"14","level":"info","message":"Update customer request","module":"customer","service":"crm-backend","timestamp":"2026-06-30 16:56:27.188"}
{"api":"updateCustomer","customerId":"14","level":"info","message":"Customer updated successfully","module":"customer","service":"crm-backend","timestamp":"2026-06-30 16:56:27.206"}
{"api":"getAllCustomers","level":"info","limit":"10","message":"Get all customers request","module":"customer","page":"1","service":"crm-backend","timestamp":"2026-06-30 16:56:28.747"}
{"api":"getAllCustomers","count":2,"level":"info","message":"Customers retrieved successfully","module":"customer","service":"crm-backend","timestamp":"2026-06-30 16:56:28.754"}
{"api":"getAllCustomers","level":"info","limit":"10","message":"Get all customers request","module":"customer","page":"1","service":"crm-backend","timestamp":"2026-06-30 16:56:28.763"}
{"api":"getAllCustomers","count":2,"level":"info","message":"Customers retrieved successfully","module":"customer","service":"crm-backend","timestamp":"2026-06-30 16:56:28.768"}
{"api":"getAllUsers","level":"info","limit":"10","message":"Get all users request","module":"admin","page":"1","search":"","service":"crm-backend","status":"all","timestamp":"2026-06-30 16:56:32.259"}
{"api":"getUnverifiedUsers","level":"info","message":"Get unverified users request","module":"admin","service":"crm-backend","timestamp":"2026-06-30 16:56:32.265"}
{"api":"getAllUsers","count":0,"level":"info","message":"Users fetched successfully","module":"admin","service":"crm-backend","timestamp":"2026-06-30 16:56:32.271","total":0}
{"api":"getUnverifiedUsers","count":0,"level":"info","message":"Unverified users fetched successfully","module":"admin","service":"crm-backend","timestamp":"2026-06-30 16:56:32.273"}
{"api":"getAllUsers","level":"info","limit":"10","message":"Get all users request","module":"admin","page":"1","search":"","service":"crm-backend","status":"all","timestamp":"2026-06-30 16:56:32.283"}
{"api":"getUnverifiedUsers","level":"info","message":"Get unverified users request","module":"admin","service":"crm-backend","timestamp":"2026-06-30 16:56:32.291"}
{"api":"getUnverifiedUsers","count":0,"level":"info","message":"Unverified users fetched successfully","module":"admin","service":"crm-backend","timestamp":"2026-06-30 16:56:32.294"}
{"api":"getAllUsers","count":0,"level":"info","message":"Users fetched successfully","module":"admin","service":"crm-backend","timestamp":"2026-06-30 16:56:32.297","total":0}
{"api":"getAllLeads","level":"info","limit":"10","message":"Get all leads request","module":"lead","page":"1","service":"crm-backend","timestamp":"2026-06-30 16:56:35.948"}
{"api":"getAllLeads","count":2,"level":"info","message":"Leads retrieved successfully","module":"lead","service":"crm-backend","timestamp":"2026-06-30 16:56:35.953"}
{"api":"getAllLeads","level":"info","limit":"10","message":"Get all leads request","module":"lead","page":"1","service":"crm-backend","timestamp":"2026-06-30 16:56:35.959"}
{"api":"getAllLeads","count":2,"level":"info","message":"Leads retrieved successfully","module":"lead","service":"crm-backend","timestamp":"2026-06-30 16:56:35.962"}
{"api":"getAllCustomers","level":"info","limit":"10","message":"Get all customers request","module":"customer","page":"1","service":"crm-backend","timestamp":"2026-06-30 16:56:36.864"}
{"api":"getAllCustomers","count":2,"level":"info","message":"Customers retrieved successfully","module":"customer","service":"crm-backend","timestamp":"2026-06-30 16:56:36.869"}
{"api":"getAllCustomers","level":"info","limit":"10","message":"Get all customers request","module":"customer","page":"1","service":"crm-backend","timestamp":"2026-06-30 16:56:36.875"}
{"api":"getAllCustomers","count":2,"level":"info","message":"Customers retrieved successfully","module":"customer","service":"crm-backend","timestamp":"2026-06-30 16:56:36.880"}
{"api":"getAllCustomers","level":"info","limit":"1000","message":"Get all customers request","module":"customer","page":"1","service":"crm-backend","timestamp":"2026-06-30 16:56:37.734"}
{"api":"getAllCustomers","count":2,"level":"info","message":"Customers retrieved successfully","module":"customer","service":"crm-backend","timestamp":"2026-06-30 16:56:37.738"}
{"api":"getAllCustomers","level":"info","limit":"1000","message":"Get all customers request","module":"customer","page":"1","service":"crm-backend","timestamp":"2026-06-30 16:56:37.746"}
{"api":"getAllLeads","level":"info","limit":"1000","message":"Get all leads request","module":"lead","page":"1","service":"crm-backend","timestamp":"2026-06-30 16:56:37.755"}
{"api":"getAllCustomers","count":2,"level":"info","message":"Customers retrieved successfully","module":"customer","service":"crm-backend","timestamp":"2026-06-30 16:56:37.758"}
{"api":"getAllLeads","count":2,"level":"info","message":"Leads retrieved successfully","module":"lead","service":"crm-backend","timestamp":"2026-06-30 16:56:37.762"}
{"api":"getAllLeads","level":"info","limit":"1000","message":"Get all leads request","module":"lead","page":"1","service":"crm-backend","timestamp":"2026-06-30 16:56:37.769"}
{"api":"getAllLeads","count":2,"level":"info","message":"Leads retrieved successfully","module":"lead","service":"crm-backend","timestamp":"2026-06-30 16:56:37.774"}
{"api":"getAllLeads","level":"info","limit":"10","message":"Get all leads request","module":"lead","page":"1","service":"crm-backend","timestamp":"2026-06-30 16:56:40.796"}
{"api":"getAllLeads","count":2,"level":"info","message":"Leads retrieved successfully","module":"lead","service":"crm-backend","timestamp":"2026-06-30 16:56:40.806"}
{"api":"getAllLeads","level":"info","limit":"10","message":"Get all leads request","module":"lead","page":"1","service":"crm-backend","timestamp":"2026-06-30 16:56:40.819"}
{"api":"getAllLeads","count":2,"level":"info","message":"Leads retrieved successfully","module":"lead","service":"crm-backend","timestamp":"2026-06-30 16:56:40.831"}
{"api":"deleteLead","leadId":"30","level":"info","message":"Delete lead request","module":"lead","service":"crm-backend","timestamp":"2026-06-30 16:56:46.862"}
{"api":"deleteLead","leadId":"30","level":"info","message":"Lead deleted successfully","module":"lead","service":"crm-backend","timestamp":"2026-06-30 16:56:46.881"}
{"api":"getAllLeads","level":"info","limit":"10","message":"Get all leads request","module":"lead","page":"1","service":"crm-backend","timestamp":"2026-06-30 16:56:46.898"}
{"api":"getAllLeads","count":1,"level":"info","message":"Leads retrieved successfully","module":"lead","service":"crm-backend","timestamp":"2026-06-30 16:56:46.905"}
{"api":"getAllCustomers","level":"info","limit":"10","message":"Get all customers request","module":"customer","page":"1","service":"crm-backend","timestamp":"2026-06-30 16:56:50.792"}
{"api":"getAllCustomers","count":2,"level":"info","message":"Customers retrieved successfully","module":"customer","service":"crm-backend","timestamp":"2026-06-30 16:56:50.797"}
{"api":"getAllCustomers","level":"info","limit":"10","message":"Get all customers request","module":"customer","page":"1","service":"crm-backend","timestamp":"2026-06-30 16:56:50.803"}
{"api":"getAllCustomers","count":2,"level":"info","message":"Customers retrieved successfully","module":"customer","service":"crm-backend","timestamp":"2026-06-30 16:56:50.808"}
{"api":"getAllCustomers","level":"info","limit":"10","message":"Get all customers request","module":"customer","page":"1","service":"crm-backend","timestamp":"2026-06-30 16:56:53.861"}
{"api":"getAllCustomers","count":2,"level":"info","message":"Customers retrieved successfully","module":"customer","service":"crm-backend","timestamp":"2026-06-30 16:56:53.882"}
{"api":"getAllCustomers","level":"info","limit":"10","message":"Get all customers request","module":"customer","page":"1","service":"crm-backend","timestamp":"2026-06-30 16:56:54.678"}
{"api":"getAllCustomers","count":2,"level":"info","message":"Customers retrieved successfully","module":"customer","service":"crm-backend","timestamp":"2026-06-30 16:56:54.683"}
{"api":"getAllCustomers","level":"info","limit":"10","message":"Get all customers request","module":"customer","page":"1","service":"crm-backend","timestamp":"2026-06-30 16:56:55.028"}
{"api":"getAllCustomers","count":0,"level":"info","message":"Customers retrieved successfully","module":"customer","service":"crm-backend","timestamp":"2026-06-30 16:56:55.033"}
{"api":"getAllCustomers","level":"info","limit":"10","message":"Get all customers request","module":"customer","page":"1","service":"crm-backend","timestamp":"2026-06-30 16:56:55.488"}
{"api":"getAllCustomers","count":0,"level":"info","message":"Customers retrieved successfully","module":"customer","service":"crm-backend","timestamp":"2026-06-30 16:56:55.494"}
{"api":"getAllCustomers","level":"info","limit":"10","message":"Get all customers request","module":"customer","page":"1","service":"crm-backend","timestamp":"2026-06-30 16:57:00.635"}
{"api":"getAllCustomers","count":0,"level":"info","message":"Customers retrieved successfully","module":"customer","service":"crm-backend","timestamp":"2026-06-30 16:57:00.641"}
{"api":"getAllCustomers","level":"info","limit":"10","message":"Get all customers request","module":"customer","page":"1","service":"crm-backend","timestamp":"2026-06-30 16:57:02.789"}
{"api":"getAllCustomers","count":2,"level":"info","message":"Customers retrieved successfully","module":"customer","service":"crm-backend","timestamp":"2026-06-30 16:57:02.795"}
{"api":"getAllCustomers","level":"info","limit":"10","message":"Get all customers request","module":"customer","page":"1","service":"crm-backend","timestamp":"2026-06-30 16:57:04.202"}
{"api":"getAllCustomers","count":2,"level":"info","message":"Customers retrieved successfully","module":"customer","service":"crm-backend","timestamp":"2026-06-30 16:57:04.206"}
{"api":"getAllCustomers","level":"info","limit":"10","message":"Get all customers request","module":"customer","page":"1","service":"crm-backend","timestamp":"2026-06-30 16:57:04.795"}
{"api":"getAllCustomers","count":2,"level":"info","message":"Customers retrieved successfully","module":"customer","service":"crm-backend","timestamp":"2026-06-30 16:57:04.798"}
{"api":"getAllLeads","level":"info","limit":"10","message":"Get all leads request","module":"lead","page":"1","service":"crm-backend","timestamp":"2026-06-30 16:57:06.225"}
{"api":"getAllLeads","count":1,"level":"info","message":"Leads retrieved successfully","module":"lead","service":"crm-backend","timestamp":"2026-06-30 16:57:06.229"}
{"api":"getAllLeads","level":"info","limit":"10","message":"Get all leads request","module":"lead","page":"1","service":"crm-backend","timestamp":"2026-06-30 16:57:06.238"}
{"api":"getAllLeads","count":1,"level":"info","message":"Leads retrieved successfully","module":"lead","service":"crm-backend","timestamp":"2026-06-30 16:57:06.243"}
{"api":"getAllCustomers","level":"info","limit":"1000","message":"Get all customers request","module":"customer","page":"1","service":"crm-backend","timestamp":"2026-06-30 16:57:07.223"}
{"api":"getAllCustomers","count":2,"level":"info","message":"Customers retrieved successfully","module":"customer","service":"crm-backend","timestamp":"2026-06-30 16:57:07.234"}
{"api":"getAllCustomers","level":"info","limit":"1000","message":"Get all customers request","module":"customer","page":"1","service":"crm-backend","timestamp":"2026-06-30 16:57:07.242"}
{"api":"getAllLeads","level":"info","limit":"1000","message":"Get all leads request","module":"lead","page":"1","service":"crm-backend","timestamp":"2026-06-30 16:57:07.251"}
{"api":"getAllCustomers","count":2,"level":"info","message":"Customers retrieved successfully","module":"customer","service":"crm-backend","timestamp":"2026-06-30 16:57:07.254"}
{"api":"getAllLeads","count":1,"level":"info","message":"Leads retrieved successfully","module":"lead","service":"crm-backend","timestamp":"2026-06-30 16:57:07.259"}
{"api":"getAllLeads","level":"info","limit":"1000","message":"Get all leads request","module":"lead","page":"1","service":"crm-backend","timestamp":"2026-06-30 16:57:07.268"}
{"api":"getAllLeads","count":1,"level":"info","message":"Leads retrieved successfully","module":"lead","service":"crm-backend","timestamp":"2026-06-30 16:57:07.273"}
{"api":"getAllCustomers","level":"info","limit":"1000","message":"Get all customers request","module":"customer","page":"1","service":"crm-backend","timestamp":"2026-06-30 16:57:11.934"}
{"api":"getAllCustomers","count":2,"level":"info","message":"Customers retrieved successfully","module":"customer","service":"crm-backend","timestamp":"2026-06-30 16:57:11.938"}
{"api":"getAllCustomers","level":"info","limit":"1000","message":"Get all customers request","module":"customer","page":"1","service":"crm-backend","timestamp":"2026-06-30 16:57:11.943"}
{"api":"getAllLeads","level":"info","limit":"1000","message":"Get all leads request","module":"lead","page":"1","service":"crm-backend","timestamp":"2026-06-30 16:57:11.951"}
{"api":"getAllCustomers","count":2,"level":"info","message":"Customers retrieved successfully","module":"customer","service":"crm-backend","timestamp":"2026-06-30 16:57:11.955"}
{"api":"getAllCustomers","level":"info","limit":"1000","message":"Get all customers request","module":"customer","page":"1","service":"crm-backend","timestamp":"2026-06-30 16:57:11.965"}
{"api":"getAllLeads","count":1,"level":"info","message":"Leads retrieved successfully","module":"lead","service":"crm-backend","timestamp":"2026-06-30 16:57:11.968"}
{"api":"getAllLeads","level":"info","limit":"1000","message":"Get all leads request","module":"lead","page":"1","service":"crm-backend","timestamp":"2026-06-30 16:57:11.979"}
{"api":"getAllCustomers","count":2,"level":"info","message":"Customers retrieved successfully","module":"customer","service":"crm-backend","timestamp":"2026-06-30 16:57:11.982"}
{"api":"getAllCustomers","level":"info","limit":"1000","message":"Get all customers request","module":"customer","page":"1","service":"crm-backend","timestamp":"2026-06-30 16:57:11.991"}
{"api":"getAllLeads","count":1,"level":"info","message":"Leads retrieved successfully","module":"lead","service":"crm-backend","timestamp":"2026-06-30 16:57:11.993"}
{"api":"getAllLeads","level":"info","limit":"1000","message":"Get all leads request","module":"lead","page":"1","service":"crm-backend","timestamp":"2026-06-30 16:57:12.000"}
{"api":"getAllCustomers","count":2,"level":"info","message":"Customers retrieved successfully","module":"customer","service":"crm-backend","timestamp":"2026-06-30 16:57:12.004"}
{"api":"getAllLeads","count":1,"level":"info","message":"Leads retrieved successfully","module":"lead","service":"crm-backend","timestamp":"2026-06-30 16:57:12.009"}
{"api":"getAllLeads","level":"info","limit":"1000","message":"Get all leads request","module":"lead","page":"1","service":"crm-backend","timestamp":"2026-06-30 16:57:12.016"}
{"api":"getAllLeads","count":1,"level":"info","message":"Leads retrieved successfully","module":"lead","service":"crm-backend","timestamp":"2026-06-30 16:57:12.020"}
{"api":"login","apiId":"1d94102a-3d37-405a-960f-8296d8d7a720","email":"admin@crm.com","level":"info","message":"Login request received","module":"login","service":"crm-backend","timestamp":"2026-06-30 17:00:35.984"}
{"level":"error","message":"Invalid credentials","method":"POST","service":"crm-backend","stack":"Error: Invalid credentials\n    at LoginService.authenticateUser (C:\\Users\\harsh\\OneDrive\\Desktop\\CRM\\backend\\modules\\login\\services\\loginService.js:12:15)\n    at process.processTicksAndRejections (node:internal/process/task_queues:105:5)\n    at async C:\\Users\\harsh\\OneDrive\\Desktop\\CRM\\backend\\modules\\login\\controllers\\loginController.js:16:18","statusCode":401,"timestamp":"2026-06-30 17:00:35.992","url":"/api/auth/login"}
{"level":"info","message":"Starting CRM Backend Application...","service":"crm-backend","timestamp":"2026-06-30 17:01:43.372"}
{"level":"info","message":"Initializing database...","service":"crm-backend","timestamp":"2026-06-30 17:01:43.377"}
{"level":"info","message":" CRM Backend server started on http://localhost:3000","service":"crm-backend","timestamp":"2026-06-30 17:01:43.497"}
{"level":"info","message":" Environment: development","service":"crm-backend","timestamp":"2026-06-30 17:01:43.499"}
{"level":"info","message":" API Documentation: http://localhost:3000/health","service":"crm-backend","timestamp":"2026-06-30 17:01:43.500"}
{"api":"getAllCustomers","level":"info","limit":"1000","message":"Get all customers request","module":"customer","page":"1","service":"crm-backend","timestamp":"2026-06-30 17:01:56.706"}
{"api":"getAllCustomers","count":2,"level":"info","message":"Customers retrieved successfully","module":"customer","service":"crm-backend","timestamp":"2026-06-30 17:01:56.732"}
{"api":"getAllCustomers","level":"info","limit":"1000","message":"Get all customers request","module":"customer","page":"1","service":"crm-backend","timestamp":"2026-06-30 17:01:56.744"}
{"api":"getAllLeads","level":"info","limit":"1000","message":"Get all leads request","module":"lead","page":"1","service":"crm-backend","timestamp":"2026-06-30 17:01:56.756"}
{"api":"getAllCustomers","count":2,"level":"info","message":"Customers retrieved successfully","module":"customer","service":"crm-backend","timestamp":"2026-06-30 17:01:56.763"}
{"api":"getAllCustomers","level":"info","limit":"1000","message":"Get all customers request","module":"customer","page":"1","service":"crm-backend","timestamp":"2026-06-30 17:01:56.772"}
{"api":"getAllCustomers","count":2,"level":"info","message":"Customers retrieved successfully","module":"customer","service":"crm-backend","timestamp":"2026-06-30 17:01:56.785"}
{"api":"getAllCustomers","level":"info","limit":"1000","message":"Get all customers request","module":"customer","page":"1","service":"crm-backend","timestamp":"2026-06-30 17:01:56.796"}
{"api":"getAllLeads","count":1,"level":"info","message":"Leads retrieved successfully","module":"lead","service":"crm-backend","timestamp":"2026-06-30 17:01:56.801"}
{"api":"getAllCustomers","count":2,"level":"info","message":"Customers retrieved successfully","module":"customer","service":"crm-backend","timestamp":"2026-06-30 17:01:56.804"}
{"api":"getAllLeads","level":"info","limit":"1000","message":"Get all leads request","module":"lead","page":"1","service":"crm-backend","timestamp":"2026-06-30 17:01:56.814"}
{"api":"getAllLeads","count":1,"level":"info","message":"Leads retrieved successfully","module":"lead","service":"crm-backend","timestamp":"2026-06-30 17:01:56.828"}
{"api":"getAllLeads","level":"info","limit":"1000","message":"Get all leads request","module":"lead","page":"1","service":"crm-backend","timestamp":"2026-06-30 17:01:56.835"}
{"api":"getAllLeads","count":1,"level":"info","message":"Leads retrieved successfully","module":"lead","service":"crm-backend","timestamp":"2026-06-30 17:01:56.840"}
{"api":"getAllLeads","level":"info","limit":"1000","message":"Get all leads request","module":"lead","page":"1","service":"crm-backend","timestamp":"2026-06-30 17:01:56.847"}
{"api":"getAllLeads","count":1,"level":"info","message":"Leads retrieved successfully","module":"lead","service":"crm-backend","timestamp":"2026-06-30 17:01:56.851"}
{"level":"info","message":"Starting CRM Backend Application...","service":"crm-backend","timestamp":"2026-06-30 17:05:28.882"}
{"level":"info","message":"Initializing database...","service":"crm-backend","timestamp":"2026-06-30 17:05:28.888"}
{"level":"info","message":" CRM Backend server started on http://localhost:3000","service":"crm-backend","timestamp":"2026-06-30 17:05:29.049"}
{"level":"info","message":" Environment: development","service":"crm-backend","timestamp":"2026-06-30 17:05:29.053"}
{"level":"info","message":" API Documentation: http://localhost:3000/health","service":"crm-backend","timestamp":"2026-06-30 17:05:29.056"}
{"level":"info","message":"Starting CRM Backend Application...","service":"crm-backend","timestamp":"2026-06-30 17:05:33.852"}
{"level":"info","message":"Initializing database...","service":"crm-backend","timestamp":"2026-06-30 17:05:33.854"}
{"level":"info","message":" CRM Backend server started on http://localhost:3000","service":"crm-backend","timestamp":"2026-06-30 17:05:33.947"}
{"level":"info","message":" Environment: development","service":"crm-backend","timestamp":"2026-06-30 17:05:33.949"}
{"level":"info","message":" API Documentation: http://localhost:3000/health","service":"crm-backend","timestamp":"2026-06-30 17:05:33.950"}
{"api":"login","apiId":"16c6e206-fca6-4a0b-ad34-576390646d9b","email":"admin@example.com","level":"info","message":"Login request received","module":"login","service":"crm-backend","timestamp":"2026-06-30 17:05:39.185"}
{"level":"error","message":"Invalid credentials","method":"POST","service":"crm-backend","stack":"Error: Invalid credentials\n    at LoginService.authenticateUser (C:\\Users\\harsh\\OneDrive\\Desktop\\CRM\\backend\\modules\\login\\services\\loginService.js:12:15)\n    at process.processTicksAndRejections (node:internal/process/task_queues:105:5)\n    at async C:\\Users\\harsh\\OneDrive\\Desktop\\CRM\\backend\\modules\\login\\controllers\\loginController.js:16:18","statusCode":401,"timestamp":"2026-06-30 17:05:39.226","url":"/api/auth/login"}
{"api":"login","apiId":"1c8ea8a5-a940-463a-9a3d-f8d82da909dc","email":"admin@example.com","level":"info","message":"Login request received","module":"login","service":"crm-backend","timestamp":"2026-06-30 17:05:40.610"}
{"level":"error","message":"Invalid credentials","method":"POST","service":"crm-backend","stack":"Error: Invalid credentials\n    at LoginService.authenticateUser (C:\\Users\\harsh\\OneDrive\\Desktop\\CRM\\backend\\modules\\login\\services\\loginService.js:12:15)\n    at process.processTicksAndRejections (node:internal/process/task_queues:105:5)\n    at async C:\\Users\\harsh\\OneDrive\\Desktop\\CRM\\backend\\modules\\login\\controllers\\loginController.js:16:18","statusCode":401,"timestamp":"2026-06-30 17:05:40.623","url":"/api/auth/login"}
{"api":"login","apiId":"dc69c945-6fe2-4ec9-b1c6-f18a2c8e3b5b","email":"admin@example.com","level":"info","message":"Login request received","module":"login","service":"crm-backend","timestamp":"2026-06-30 17:05:41.621"}
{"level":"error","message":"Invalid credentials","method":"POST","service":"crm-backend","stack":"Error: Invalid credentials\n    at LoginService.authenticateUser (C:\\Users\\harsh\\OneDrive\\Desktop\\CRM\\backend\\modules\\login\\services\\loginService.js:12:15)\n    at process.processTicksAndRejections (node:internal/process/task_queues:105:5)\n    at async C:\\Users\\harsh\\OneDrive\\Desktop\\CRM\\backend\\modules\\login\\controllers\\loginController.js:16:18","statusCode":401,"timestamp":"2026-06-30 17:05:41.628","url":"/api/auth/login"}
{"api":"login","apiId":"fe41d3a3-a734-4be5-b8fe-029d82bffc04","email":"admin@crm.com","level":"info","message":"Login request received","module":"login","service":"crm-backend","timestamp":"2026-06-30 17:06:43.861"}
{"level":"error","message":"Invalid credentials","method":"POST","service":"crm-backend","stack":"Error: Invalid credentials\n    at LoginService.authenticateUser (C:\\Users\\harsh\\OneDrive\\Desktop\\CRM\\backend\\modules\\login\\services\\loginService.js:12:15)\n    at process.processTicksAndRejections (node:internal/process/task_queues:105:5)\n    at async C:\\Users\\harsh\\OneDrive\\Desktop\\CRM\\backend\\modules\\login\\controllers\\loginController.js:16:18","statusCode":401,"timestamp":"2026-06-30 17:06:43.868","url":"/api/auth/login"}
{"api":"login","apiId":"a9fc668d-d1ad-4061-87ea-d8ed0a3e2c53","email":"admin@example.com","level":"info","message":"Login request received","module":"login","service":"crm-backend","timestamp":"2026-06-30 17:06:47.678"}
{"level":"error","message":"Invalid credentials","method":"POST","service":"crm-backend","stack":"Error: Invalid credentials\n    at LoginService.authenticateUser (C:\\Users\\harsh\\OneDrive\\Desktop\\CRM\\backend\\modules\\login\\services\\loginService.js:12:15)\n    at process.processTicksAndRejections (node:internal/process/task_queues:105:5)\n    at async C:\\Users\\harsh\\OneDrive\\Desktop\\CRM\\backend\\modules\\login\\controllers\\loginController.js:16:18","statusCode":401,"timestamp":"2026-06-30 17:06:47.692","url":"/api/auth/login"}
{"api":"login","apiId":"70f91f4d-18f8-46c3-a647-dfc2aafaf3fb","email":"admin@example.com","level":"info","message":"Login request received","module":"login","service":"crm-backend","timestamp":"2026-06-30 17:06:48.802"}
{"level":"error","message":"Invalid credentials","method":"POST","service":"crm-backend","stack":"Error: Invalid credentials\n    at LoginService.authenticateUser (C:\\Users\\harsh\\OneDrive\\Desktop\\CRM\\backend\\modules\\login\\services\\loginService.js:12:15)\n    at process.processTicksAndRejections (node:internal/process/task_queues:105:5)\n    at async C:\\Users\\harsh\\OneDrive\\Desktop\\CRM\\backend\\modules\\login\\controllers\\loginController.js:16:18","statusCode":401,"timestamp":"2026-06-30 17:06:48.813","url":"/api/auth/login"}
{"api":"login","apiId":"beab81d4-63fd-4465-a6ef-b828d5675da8","email":"admin@example.com","level":"info","message":"Login request received","module":"login","service":"crm-backend","timestamp":"2026-06-30 17:06:50.340"}
{"level":"error","message":"Invalid credentials","method":"POST","service":"crm-backend","stack":"Error: Invalid credentials\n    at LoginService.authenticateUser (C:\\Users\\harsh\\OneDrive\\Desktop\\CRM\\backend\\modules\\login\\services\\loginService.js:12:15)\n    at process.processTicksAndRejections (node:internal/process/task_queues:105:5)\n    at async C:\\Users\\harsh\\OneDrive\\Desktop\\CRM\\backend\\modules\\login\\controllers\\loginController.js:16:18","statusCode":401,"timestamp":"2026-06-30 17:06:50.347","url":"/api/auth/login"}
{"api":"login","apiId":"c44f20ec-f545-4dc0-8326-0e426bf4635e","email":"user@crm.com","level":"info","message":"Login request received","module":"login","service":"crm-backend","timestamp":"2026-06-30 17:06:57.579"}
{"level":"error","message":"Invalid credentials","method":"POST","service":"crm-backend","stack":"Error: Invalid credentials\n    at LoginService.authenticateUser (C:\\Users\\harsh\\OneDrive\\Desktop\\CRM\\backend\\modules\\login\\services\\loginService.js:12:15)\n    at process.processTicksAndRejections (node:internal/process/task_queues:105:5)\n    at async C:\\Users\\harsh\\OneDrive\\Desktop\\CRM\\backend\\modules\\login\\controllers\\loginController.js:16:18","statusCode":401,"timestamp":"2026-06-30 17:06:57.585","url":"/api/auth/login"}
{"api":"login","apiId":"0e1d5b06-cd78-4cce-8ae6-25f2e70dc343","email":"user@crm.com","level":"info","message":"Login request received","module":"login","service":"crm-backend","timestamp":"2026-06-30 17:06:58.481"}
{"level":"error","message":"Invalid credentials","method":"POST","service":"crm-backend","stack":"Error: Invalid credentials\n    at LoginService.authenticateUser (C:\\Users\\harsh\\OneDrive\\Desktop\\CRM\\backend\\modules\\login\\services\\loginService.js:12:15)\n    at process.processTicksAndRejections (node:internal/process/task_queues:105:5)\n    at async C:\\Users\\harsh\\OneDrive\\Desktop\\CRM\\backend\\modules\\login\\controllers\\loginController.js:16:18","statusCode":401,"timestamp":"2026-06-30 17:06:58.493","url":"/api/auth/login"}
{"api":"login","apiId":"a39d532d-8565-4c4e-bfb3-e070859c3c7d","email":"user@crm.com","level":"info","message":"Login request received","module":"login","service":"crm-backend","timestamp":"2026-06-30 17:07:05.936"}
{"level":"error","message":"Invalid credentials","method":"POST","service":"crm-backend","stack":"Error: Invalid credentials\n    at LoginService.authenticateUser (C:\\Users\\harsh\\OneDrive\\Desktop\\CRM\\backend\\modules\\login\\services\\loginService.js:12:15)\n    at process.processTicksAndRejections (node:internal/process/task_queues:105:5)\n    at async C:\\Users\\harsh\\OneDrive\\Desktop\\CRM\\backend\\modules\\login\\controllers\\loginController.js:16:18","statusCode":401,"timestamp":"2026-06-30 17:07:05.941","url":"/api/auth/login"}
{"level":"info","message":"Starting CRM Backend Application...","service":"crm-backend","timestamp":"2026-06-30 18:33:19.306"}
{"level":"info","message":"Initializing database...","service":"crm-backend","timestamp":"2026-06-30 18:33:19.317"}
{"level":"info","message":" CRM Backend server started on http://localhost:3000","service":"crm-backend","timestamp":"2026-06-30 18:33:19.581"}
{"level":"info","message":" Environment: development","service":"crm-backend","timestamp":"2026-06-30 18:33:19.583"}
{"level":"info","message":" API Documentation: http://localhost:3000/health","service":"crm-backend","timestamp":"2026-06-30 18:33:19.584"}
{"level":"info","message":"Starting CRM Backend Application...","service":"crm-backend","timestamp":"2026-06-30 18:33:19.795"}
{"level":"info","message":"Initializing database...","service":"crm-backend","timestamp":"2026-06-30 18:33:19.805"}
{"level":"info","message":" CRM Backend server started on http://localhost:3000","service":"crm-backend","timestamp":"2026-06-30 18:33:20.032"}
{"level":"info","message":" Environment: development","service":"crm-backend","timestamp":"2026-06-30 18:33:20.035"}
{"level":"info","message":" API Documentation: http://localhost:3000/health","service":"crm-backend","timestamp":"2026-06-30 18:33:20.036"}
