{"level":"info","message":"Starting CRM Backend Application...","service":"crm-backend","timestamp":"2026-07-01 13:18:54.487"}
{"level":"info","message":"Initializing database...","service":"crm-backend","timestamp":"2026-07-01 13:18:54.489"}
{"level":"info","message":" CRM Backend server started on http://localhost:3000","service":"crm-backend","timestamp":"2026-07-01 13:18:54.578"}
{"level":"info","message":" Environment: development","service":"crm-backend","timestamp":"2026-07-01 13:18:54.579"}
{"level":"info","message":" API Documentation: http://localhost:3000/health","service":"crm-backend","timestamp":"2026-07-01 13:18:54.580"}
{"level":"info","message":"Starting CRM Backend Application...","service":"crm-backend","timestamp":"2026-07-01 13:55:38.845"}
{"level":"info","message":"Initializing database...","service":"crm-backend","timestamp":"2026-07-01 13:55:38.847"}
{"level":"info","message":" CRM Backend server started on http://localhost:3000","service":"crm-backend","timestamp":"2026-07-01 13:55:38.902"}
{"level":"info","message":" Environment: development","service":"crm-backend","timestamp":"2026-07-01 13:55:38.903"}
{"level":"info","message":" API Documentation: http://localhost:3000/health","service":"crm-backend","timestamp":"2026-07-01 13:55:38.903"}
{"level":"info","message":"Starting CRM Backend Application...","service":"crm-backend","timestamp":"2026-07-01 14:00:55.587"}
{"level":"info","message":"Initializing database...","service":"crm-backend","timestamp":"2026-07-01 14:00:55.589"}
{"level":"info","message":"Starting CRM Backend Application...","service":"crm-backend","timestamp":"2026-07-01 14:00:55.589"}
{"level":"info","message":"Starting CRM Backend Application...","service":"crm-backend","timestamp":"2026-07-01 14:00:55.590"}
{"level":"info","message":"Initializing database...","service":"crm-backend","timestamp":"2026-07-01 14:00:55.592"}
{"level":"info","message":"Initializing database...","service":"crm-backend","timestamp":"2026-07-01 14:00:55.594"}
{"level":"info","message":" CRM Backend server started on http://localhost:3000","service":"crm-backend","timestamp":"2026-07-01 14:00:56.033"}
{"level":"info","message":" Environment: development","service":"crm-backend","timestamp":"2026-07-01 14:00:56.033"}
{"level":"info","message":" API Documentation: http://localhost:3000/health","service":"crm-backend","timestamp":"2026-07-01 14:00:56.034"}
{"level":"info","message":" CRM Backend server started on http://localhost:3000","service":"crm-backend","timestamp":"2026-07-01 14:00:56.057"}
{"level":"info","message":" Environment: development","service":"crm-backend","timestamp":"2026-07-01 14:00:56.058"}
{"level":"info","message":" API Documentation: http://localhost:3000/health","service":"crm-backend","timestamp":"2026-07-01 14:00:56.059"}
{"level":"info","message":" CRM Backend server started on http://localhost:3000","service":"crm-backend","timestamp":"2026-07-01 14:00:56.256"}
{"level":"info","message":" Environment: development","service":"crm-backend","timestamp":"2026-07-01 14:00:56.261"}
{"level":"info","message":" API Documentation: http://localhost:3000/health","service":"crm-backend","timestamp":"2026-07-01 14:00:56.268"}
{"level":"info","message":"Starting CRM Backend Application...","service":"crm-backend","timestamp":"2026-07-01 14:01:10.826"}
{"level":"info","message":"Initializing database...","service":"crm-backend","timestamp":"2026-07-01 14:01:10.829"}
{"level":"info","message":"Starting CRM Backend Application...","service":"crm-backend","timestamp":"2026-07-01 14:01:10.833"}
{"level":"info","message":"Initializing database...","service":"crm-backend","timestamp":"2026-07-01 14:01:10.847"}
{"level":"info","message":"Starting CRM Backend Application...","service":"crm-backend","timestamp":"2026-07-01 14:01:10.969"}
{"level":"info","message":"Initializing database...","service":"crm-backend","timestamp":"2026-07-01 14:01:10.972"}
{"level":"info","message":" CRM Backend server started on http://localhost:3000","service":"crm-backend","timestamp":"2026-07-01 14:01:11.225"}
{"level":"info","message":" Environment: development","service":"crm-backend","timestamp":"2026-07-01 14:01:11.226"}
{"level":"info","message":" API Documentation: http://localhost:3000/health","service":"crm-backend","timestamp":"2026-07-01 14:01:11.227"}
{"level":"info","message":" CRM Backend server started on http://localhost:3000","service":"crm-backend","timestamp":"2026-07-01 14:01:11.261"}
{"level":"info","message":" Environment: development","service":"crm-backend","timestamp":"2026-07-01 14:01:11.264"}
{"level":"info","message":" API Documentation: http://localhost:3000/health","service":"crm-backend","timestamp":"2026-07-01 14:01:11.265"}
{"level":"info","message":" CRM Backend server started on http://localhost:3000","service":"crm-backend","timestamp":"2026-07-01 14:01:11.303"}
{"level":"info","message":" Environment: development","service":"crm-backend","timestamp":"2026-07-01 14:01:11.304"}
{"level":"info","message":" API Documentation: http://localhost:3000/health","service":"crm-backend","timestamp":"2026-07-01 14:01:11.305"}
{"level":"error","message":"Expected property name or '}' in JSON at position 1 (line 1 column 2)","method":"POST","service":"crm-backend","stack":"SyntaxError: Expected property name or '}' in JSON at position 1 (line 1 column 2)\n    at JSON.parse (<anonymous>)\n    at parse (C:\\Users\\harsh\\OneDrive\\Desktop\\CRM\\backend\\node_modules\\body-parser\\lib\\types\\json.js:91:21)\n    at C:\\Users\\harsh\\OneDrive\\Desktop\\CRM\\backend\\node_modules\\body-parser\\lib\\read.js:162:18\n    at AsyncResource.runInAsyncScope (node:async_hooks:214:14)\n    at invokeCallback (C:\\Users\\harsh\\OneDrive\\Desktop\\CRM\\backend\\node_modules\\raw-body\\index.js:238:16)\n    at done (C:\\Users\\harsh\\OneDrive\\Desktop\\CRM\\backend\\node_modules\\raw-body\\index.js:227:7)\n    at IncomingMessage.onEnd (C:\\Users\\harsh\\OneDrive\\Desktop\\CRM\\backend\\node_modules\\raw-body\\index.js:287:7)\n    at IncomingMessage.emit (node:events:518:28)\n    at endReadableNT (node:internal/streams/readable:1698:12)\n    at process.processTicksAndRejections (node:internal/process/task_queues:90:21)","statusCode":400,"timestamp":"2026-07-01 14:01:22.149","url":"/api/auth/login"}
{"api":"login","apiId":"6156752d-ca1c-457f-8a59-c39abeb3f533","email":"admin@crm.com","level":"info","message":"Login request received","module":"login","service":"crm-backend","timestamp":"2026-07-01 14:01:48.032"}
{"api":"login","apiId":"6156752d-ca1c-457f-8a59-c39abeb3f533","level":"info","message":"User authenticated successfully","module":"login","service":"crm-backend","timestamp":"2026-07-01 14:01:48.123","userId":5}
{"api":"login","apiId":"6156752d-ca1c-457f-8a59-c39abeb3f533","level":"info","message":"Login completed successfully","module":"login","service":"crm-backend","timestamp":"2026-07-01 14:01:48.138","userId":5}
{"api":"login","apiId":"3e063fba-cc6d-472a-a54b-4dd4554592c1","email":"admin@crm.com","level":"info","message":"Login request received","module":"login","service":"crm-backend","timestamp":"2026-07-01 14:01:59.818"}
{"api":"login","apiId":"3e063fba-cc6d-472a-a54b-4dd4554592c1","level":"info","message":"User authenticated successfully","module":"login","service":"crm-backend","timestamp":"2026-07-01 14:01:59.905","userId":5}
{"api":"login","apiId":"3e063fba-cc6d-472a-a54b-4dd4554592c1","level":"info","message":"Login completed successfully","module":"login","service":"crm-backend","timestamp":"2026-07-01 14:01:59.928","userId":5}
{"level":"error","message":"No token provided. Authorization denied.","method":"GET","service":"crm-backend","stack":"Error: No token provided. Authorization denied.\n    at authMiddleware (C:\\Users\\harsh\\OneDrive\\Desktop\\CRM\\backend\\middlewares\\authMiddleware.js:18:13)\n    at Layer.handleRequest (C:\\Users\\harsh\\OneDrive\\Desktop\\CRM\\backend\\node_modules\\router\\lib\\layer.js:152:17)\n    at trimPrefix (C:\\Users\\harsh\\OneDrive\\Desktop\\CRM\\backend\\node_modules\\router\\index.js:342:13)\n    at C:\\Users\\harsh\\OneDrive\\Desktop\\CRM\\backend\\node_modules\\router\\index.js:297:9\n    at processParams (C:\\Users\\harsh\\OneDrive\\Desktop\\CRM\\backend\\node_modules\\router\\index.js:582:12)\n    at next (C:\\Users\\harsh\\OneDrive\\Desktop\\CRM\\backend\\node_modules\\router\\index.js:291:5)\n    at requestIdMiddleware (C:\\Users\\harsh\\OneDrive\\Desktop\\CRM\\backend\\middlewares\\requestIdMiddleware.js:5:3)\n    at Layer.handleRequest (C:\\Users\\harsh\\OneDrive\\Desktop\\CRM\\backend\\node_modules\\router\\lib\\layer.js:152:17)\n    at trimPrefix (C:\\Users\\harsh\\OneDrive\\Desktop\\CRM\\backend\\node_modules\\router\\index.js:342:13)\n    at C:\\Users\\harsh\\OneDrive\\Desktop\\CRM\\backend\\node_modules\\router\\index.js:297:9","statusCode":401,"timestamp":"2026-07-01 14:01:59.979","url":"/api/customers"}
{"api":"login","apiId":"f79e3c70-0d26-4991-9f48-6a91b7bbaec8","email":"admin@crm.com","level":"info","message":"Login request received","module":"login","service":"crm-backend","timestamp":"2026-07-01 14:02:33.129"}
{"api":"login","apiId":"f79e3c70-0d26-4991-9f48-6a91b7bbaec8","level":"info","message":"User authenticated successfully","module":"login","service":"crm-backend","timestamp":"2026-07-01 14:02:33.215","userId":5}
{"api":"login","apiId":"f79e3c70-0d26-4991-9f48-6a91b7bbaec8","level":"info","message":"Login completed successfully","module":"login","service":"crm-backend","timestamp":"2026-07-01 14:02:33.222","userId":5}
{"api":"getAllCustomers","level":"info","message":"Get all customers request","module":"customer","service":"crm-backend","timestamp":"2026-07-01 14:02:33.231"}
{"api":"getAllCustomers","count":2,"level":"info","message":"Customers retrieved successfully","module":"customer","service":"crm-backend","timestamp":"2026-07-01 14:02:33.238"}
{"api":"login","apiId":"c39eb37b-85e4-43b6-9479-18a89ea433aa","email":"admin@crm.com","level":"info","message":"Login request received","module":"login","service":"crm-backend","timestamp":"2026-07-01 14:02:44.624"}
{"api":"login","apiId":"c39eb37b-85e4-43b6-9479-18a89ea433aa","level":"info","message":"User authenticated successfully","module":"login","service":"crm-backend","timestamp":"2026-07-01 14:02:44.708","userId":5}
{"api":"login","apiId":"c39eb37b-85e4-43b6-9479-18a89ea433aa","level":"info","message":"Login completed successfully","module":"login","service":"crm-backend","timestamp":"2026-07-01 14:02:44.723","userId":5}
{"api":"getAllLeads","level":"info","message":"Get all leads request","module":"lead","service":"crm-backend","timestamp":"2026-07-01 14:02:44.728"}
{"api":"getAllLeads","count":1,"level":"info","message":"Leads retrieved successfully","module":"lead","service":"crm-backend","timestamp":"2026-07-01 14:02:44.733"}
{"api":"login","apiId":"24f001dd-8ee5-4dba-8f6f-9163921ba211","email":"admin@crm.com","level":"info","message":"Login request received","module":"login","service":"crm-backend","timestamp":"2026-07-01 14:04:39.169"}
{"api":"login","apiId":"24f001dd-8ee5-4dba-8f6f-9163921ba211","level":"info","message":"User authenticated successfully","module":"login","service":"crm-backend","timestamp":"2026-07-01 14:04:39.259","userId":5}
{"api":"login","apiId":"24f001dd-8ee5-4dba-8f6f-9163921ba211","level":"info","message":"Login completed successfully","module":"login","service":"crm-backend","timestamp":"2026-07-01 14:04:39.273","userId":5}
{"api":"getAllCustomers","level":"info","limit":"1000","message":"Get all customers request","module":"customer","page":"1","service":"crm-backend","timestamp":"2026-07-01 14:04:39.328"}
{"api":"getAllCustomers","count":2,"level":"info","message":"Customers retrieved successfully","module":"customer","service":"crm-backend","timestamp":"2026-07-01 14:04:39.333"}
{"api":"getAllCustomers","level":"info","limit":"1000","message":"Get all customers request","module":"customer","page":"1","service":"crm-backend","timestamp":"2026-07-01 14:04:39.338"}
{"api":"getAllCustomers","count":2,"level":"info","message":"Customers retrieved successfully","module":"customer","service":"crm-backend","timestamp":"2026-07-01 14:04:39.341"}
{"api":"getAllLeads","level":"info","limit":"1000","message":"Get all leads request","module":"lead","page":"1","service":"crm-backend","timestamp":"2026-07-01 14:04:39.344"}
{"api":"getAllLeads","count":1,"level":"info","message":"Leads retrieved successfully","module":"lead","service":"crm-backend","timestamp":"2026-07-01 14:04:39.348"}
{"api":"getAllLeads","level":"info","limit":"1000","message":"Get all leads request","module":"lead","page":"1","service":"crm-backend","timestamp":"2026-07-01 14:04:39.352"}
{"api":"getAllLeads","count":1,"level":"info","message":"Leads retrieved successfully","module":"lead","service":"crm-backend","timestamp":"2026-07-01 14:04:39.355"}
{"api":"login","apiId":"9cd0d6b1-7501-477c-ad10-49a17f4f2228","email":"admin@crm.com","level":"info","message":"Login request received","module":"login","service":"crm-backend","timestamp":"2026-07-01 15:08:03.615"}
{"api":"login","apiId":"9cd0d6b1-7501-477c-ad10-49a17f4f2228","level":"info","message":"User authenticated successfully","module":"login","service":"crm-backend","timestamp":"2026-07-01 15:08:03.807","userId":5}
{"api":"login","apiId":"9cd0d6b1-7501-477c-ad10-49a17f4f2228","level":"info","message":"Login completed successfully","module":"login","service":"crm-backend","timestamp":"2026-07-01 15:08:03.834","userId":5}
{"api":"getAllCustomers","level":"info","limit":"1000","message":"Get all customers request","module":"customer","page":"1","service":"crm-backend","timestamp":"2026-07-01 15:08:03.874"}
{"api":"getAllCustomers","count":2,"level":"info","message":"Customers retrieved successfully","module":"customer","service":"crm-backend","timestamp":"2026-07-01 15:08:03.879"}
{"api":"getAllCustomers","level":"info","limit":"1000","message":"Get all customers request","module":"customer","page":"1","service":"crm-backend","timestamp":"2026-07-01 15:08:03.886"}
{"api":"getAllCustomers","count":2,"level":"info","message":"Customers retrieved successfully","module":"customer","service":"crm-backend","timestamp":"2026-07-01 15:08:03.894"}
{"api":"getAllLeads","level":"info","limit":"1000","message":"Get all leads request","module":"lead","page":"1","service":"crm-backend","timestamp":"2026-07-01 15:08:03.901"}
{"api":"getAllLeads","count":1,"level":"info","message":"Leads retrieved successfully","module":"lead","service":"crm-backend","timestamp":"2026-07-01 15:08:03.905"}
{"api":"getAllLeads","level":"info","limit":"1000","message":"Get all leads request","module":"lead","page":"1","service":"crm-backend","timestamp":"2026-07-01 15:08:03.911"}
{"api":"getAllLeads","count":1,"level":"info","message":"Leads retrieved successfully","module":"lead","service":"crm-backend","timestamp":"2026-07-01 15:08:03.916"}
{"api":"createCustomer","apiId":"cb8439c2-c779-4f42-a0ed-e818a843a52a","email":"harshdh789@gmail.com","level":"info","message":"Create customer request","module":"customer","name":"Harsh Dhiman","service":"crm-backend","timestamp":"2026-07-01 15:09:19.967"}
{"api":"createCustomer","apiId":"cb8439c2-c779-4f42-a0ed-e818a843a52a","customerId":17,"level":"info","message":"Customer created successfully","module":"customer","service":"crm-backend","timestamp":"2026-07-01 15:09:19.982"}
{"api":"getAllCustomers","level":"info","limit":"10","message":"Get all customers request","module":"customer","page":"1","service":"crm-backend","timestamp":"2026-07-01 15:09:21.517"}
{"api":"getAllCustomers","count":3,"level":"info","message":"Customers retrieved successfully","module":"customer","service":"crm-backend","timestamp":"2026-07-01 15:09:21.521"}
{"api":"getAllCustomers","level":"info","limit":"10","message":"Get all customers request","module":"customer","page":"1","service":"crm-backend","timestamp":"2026-07-01 15:09:21.529"}
{"api":"getAllCustomers","count":3,"level":"info","message":"Customers retrieved successfully","module":"customer","service":"crm-backend","timestamp":"2026-07-01 15:09:21.533"}
{"api":"deleteCustomer","customerId":"14","level":"info","message":"Delete customer request","module":"customer","service":"crm-backend","timestamp":"2026-07-01 15:09:33.027"}
{"api":"deleteCustomer","customerId":"14","level":"info","message":"Customer deleted successfully","module":"customer","service":"crm-backend","timestamp":"2026-07-01 15:09:33.055"}
{"api":"getAllCustomers","level":"info","limit":"10","message":"Get all customers request","module":"customer","page":"1","service":"crm-backend","timestamp":"2026-07-01 15:09:33.069"}
{"api":"getAllCustomers","count":2,"level":"info","message":"Customers retrieved successfully","module":"customer","service":"crm-backend","timestamp":"2026-07-01 15:09:33.075"}
{"api":"getAllLeads","level":"info","limit":"10","message":"Get all leads request","module":"lead","page":"1","service":"crm-backend","timestamp":"2026-07-01 15:09:35.260"}
{"api":"getAllLeads","count":1,"level":"info","message":"Leads retrieved successfully","module":"lead","service":"crm-backend","timestamp":"2026-07-01 15:09:35.267"}
{"api":"getAllLeads","level":"info","limit":"10","message":"Get all leads request","module":"lead","page":"1","service":"crm-backend","timestamp":"2026-07-01 15:09:35.275"}
{"api":"getAllLeads","count":1,"level":"info","message":"Leads retrieved successfully","module":"lead","service":"crm-backend","timestamp":"2026-07-01 15:09:35.279"}
{"api":"getAllUsers","level":"info","limit":"10","message":"Get all users request","module":"admin","page":"1","search":"","service":"crm-backend","status":"all","timestamp":"2026-07-01 15:09:36.478"}
{"api":"getUnverifiedUsers","level":"info","message":"Get unverified users request","module":"admin","service":"crm-backend","timestamp":"2026-07-01 15:09:36.483"}
{"api":"getUnverifiedUsers","count":0,"level":"info","message":"Unverified users fetched successfully","module":"admin","service":"crm-backend","timestamp":"2026-07-01 15:09:36.502"}
{"api":"getAllUsers","count":2,"level":"info","message":"Users fetched successfully","module":"admin","service":"crm-backend","timestamp":"2026-07-01 15:09:36.506","total":2}
{"api":"getUnverifiedUsers","level":"info","message":"Get unverified users request","module":"admin","service":"crm-backend","timestamp":"2026-07-01 15:09:36.511"}
{"api":"getAllUsers","level":"info","limit":"10","message":"Get all users request","module":"admin","page":"1","search":"","service":"crm-backend","status":"all","timestamp":"2026-07-01 15:09:36.516"}
{"api":"getUnverifiedUsers","count":0,"level":"info","message":"Unverified users fetched successfully","module":"admin","service":"crm-backend","timestamp":"2026-07-01 15:09:36.522"}
{"api":"getAllUsers","count":2,"level":"info","message":"Users fetched successfully","module":"admin","service":"crm-backend","timestamp":"2026-07-01 15:09:36.528","total":2}
{"api":"getAllCustomers","level":"info","limit":"1000","message":"Get all customers request","module":"customer","page":"1","service":"crm-backend","timestamp":"2026-07-01 15:11:07.429"}
{"api":"getAllCustomers","count":2,"level":"info","message":"Customers retrieved successfully","module":"customer","service":"crm-backend","timestamp":"2026-07-01 15:11:07.439"}
{"api":"getAllCustomers","level":"info","limit":"1000","message":"Get all customers request","module":"customer","page":"1","service":"crm-backend","timestamp":"2026-07-01 15:11:07.450"}
{"api":"getAllLeads","level":"info","limit":"1000","message":"Get all leads request","module":"lead","page":"1","service":"crm-backend","timestamp":"2026-07-01 15:11:07.461"}
{"api":"getAllCustomers","count":2,"level":"info","message":"Customers retrieved successfully","module":"customer","service":"crm-backend","timestamp":"2026-07-01 15:11:07.464"}
{"api":"getAllLeads","count":1,"level":"info","message":"Leads retrieved successfully","module":"lead","service":"crm-backend","timestamp":"2026-07-01 15:11:07.471"}
{"api":"getAllLeads","level":"info","limit":"1000","message":"Get all leads request","module":"lead","page":"1","service":"crm-backend","timestamp":"2026-07-01 15:11:07.478"}
{"api":"getAllLeads","count":1,"level":"info","message":"Leads retrieved successfully","module":"lead","service":"crm-backend","timestamp":"2026-07-01 15:11:07.484"}
{"api":"createLead","apiId":"4fa10d26-f35d-4df0-9ed0-d25dc28ff18d","email":"Anshidh05@gmail.com","level":"info","message":"Create lead request","module":"lead","name":"Anshii","service":"crm-backend","timestamp":"2026-07-01 15:14:26.314"}
{"level":"error","message":"Cannot add or update a child row: a foreign key constraint fails (`crm_db`.`leads`, CONSTRAINT `leads_ibfk_1` FOREIGN KEY (`assigned_to`) REFERENCES `users` (`id`) ON DELETE SET NULL)","method":"POST","service":"crm-backend","stack":"Error: Cannot add or update a child row: a foreign key constraint fails (`crm_db`.`leads`, CONSTRAINT `leads_ibfk_1` FOREIGN KEY (`assigned_to`) REFERENCES `users` (`id`) ON DELETE SET NULL)\n    at LeadDao.create (C:\\Users\\harsh\\OneDrive\\Desktop\\CRM\\backend\\modules\\lead\\dao\\leadDao.js:7:35)\n    at LeadService.createLead (C:\\Users\\harsh\\OneDrive\\Desktop\\CRM\\backend\\modules\\lead\\services\\leadService.js:7:36)\n    at C:\\Users\\harsh\\OneDrive\\Desktop\\CRM\\backend\\modules\\lead\\controllers\\leadController.js:13:38\n    at C:\\Users\\harsh\\OneDrive\\Desktop\\CRM\\backend\\middlewares\\errorHandler.js:45:21\n    at Layer.handleRequest (C:\\Users\\harsh\\OneDrive\\Desktop\\CRM\\backend\\node_modules\\router\\lib\\layer.js:152:17)\n    at next (C:\\Users\\harsh\\OneDrive\\Desktop\\CRM\\backend\\node_modules\\router\\lib\\route.js:157:13)\n    at C:\\Users\\harsh\\OneDrive\\Desktop\\CRM\\backend\\middlewares\\validateMiddleware.js:44:7\n    at Layer.handleRequest (C:\\Users\\harsh\\OneDrive\\Desktop\\CRM\\backend\\node_modules\\router\\lib\\layer.js:152:17)\n    at next (C:\\Users\\harsh\\OneDrive\\Desktop\\CRM\\backend\\node_modules\\router\\lib\\route.js:157:13)\n    at Route.dispatch (C:\\Users\\harsh\\OneDrive\\Desktop\\CRM\\backend\\node_modules\\router\\lib\\route.js:117:3)","statusCode":500,"timestamp":"2026-07-01 15:14:26.335","url":"/api/leads"}
{"api":"createLead","apiId":"4b1dd5ab-998c-4e1c-900a-905442476eb4","email":"Anshidh05@gmail.com","level":"info","message":"Create lead request","module":"lead","name":"Anshii","service":"crm-backend","timestamp":"2026-07-01 15:14:38.755"}
{"level":"error","message":"Cannot add or update a child row: a foreign key constraint fails (`crm_db`.`leads`, CONSTRAINT `leads_ibfk_1` FOREIGN KEY (`assigned_to`) REFERENCES `users` (`id`) ON DELETE SET NULL)","method":"POST","service":"crm-backend","stack":"Error: Cannot add or update a child row: a foreign key constraint fails (`crm_db`.`leads`, CONSTRAINT `leads_ibfk_1` FOREIGN KEY (`assigned_to`) REFERENCES `users` (`id`) ON DELETE SET NULL)\n    at LeadDao.create (C:\\Users\\harsh\\OneDrive\\Desktop\\CRM\\backend\\modules\\lead\\dao\\leadDao.js:7:35)\n    at LeadService.createLead (C:\\Users\\harsh\\OneDrive\\Desktop\\CRM\\backend\\modules\\lead\\services\\leadService.js:7:36)\n    at C:\\Users\\harsh\\OneDrive\\Desktop\\CRM\\backend\\modules\\lead\\controllers\\leadController.js:13:38\n    at C:\\Users\\harsh\\OneDrive\\Desktop\\CRM\\backend\\middlewares\\errorHandler.js:45:21\n    at Layer.handleRequest (C:\\Users\\harsh\\OneDrive\\Desktop\\CRM\\backend\\node_modules\\router\\lib\\layer.js:152:17)\n    at next (C:\\Users\\harsh\\OneDrive\\Desktop\\CRM\\backend\\node_modules\\router\\lib\\route.js:157:13)\n    at C:\\Users\\harsh\\OneDrive\\Desktop\\CRM\\backend\\middlewares\\validateMiddleware.js:44:7\n    at Layer.handleRequest (C:\\Users\\harsh\\OneDrive\\Desktop\\CRM\\backend\\node_modules\\router\\lib\\layer.js:152:17)\n    at next (C:\\Users\\harsh\\OneDrive\\Desktop\\CRM\\backend\\node_modules\\router\\lib\\route.js:157:13)\n    at Route.dispatch (C:\\Users\\harsh\\OneDrive\\Desktop\\CRM\\backend\\node_modules\\router\\lib\\route.js:117:3)","statusCode":500,"timestamp":"2026-07-01 15:14:38.765","url":"/api/leads"}
{"api":"createLead","apiId":"a5b6dbff-8fc7-4f17-ab62-9c05f7ca1cdf","email":"Anshidh05@gmail.com","level":"info","message":"Create lead request","module":"lead","name":"Anshii","service":"crm-backend","timestamp":"2026-07-01 15:14:39.679"}
{"level":"error","message":"Cannot add or update a child row: a foreign key constraint fails (`crm_db`.`leads`, CONSTRAINT `leads_ibfk_1` FOREIGN KEY (`assigned_to`) REFERENCES `users` (`id`) ON DELETE SET NULL)","method":"POST","service":"crm-backend","stack":"Error: Cannot add or update a child row: a foreign key constraint fails (`crm_db`.`leads`, CONSTRAINT `leads_ibfk_1` FOREIGN KEY (`assigned_to`) REFERENCES `users` (`id`) ON DELETE SET NULL)\n    at LeadDao.create (C:\\Users\\harsh\\OneDrive\\Desktop\\CRM\\backend\\modules\\lead\\dao\\leadDao.js:7:35)\n    at LeadService.createLead (C:\\Users\\harsh\\OneDrive\\Desktop\\CRM\\backend\\modules\\lead\\services\\leadService.js:7:36)\n    at C:\\Users\\harsh\\OneDrive\\Desktop\\CRM\\backend\\modules\\lead\\controllers\\leadController.js:13:38\n    at C:\\Users\\harsh\\OneDrive\\Desktop\\CRM\\backend\\middlewares\\errorHandler.js:45:21\n    at Layer.handleRequest (C:\\Users\\harsh\\OneDrive\\Desktop\\CRM\\backend\\node_modules\\router\\lib\\layer.js:152:17)\n    at next (C:\\Users\\harsh\\OneDrive\\Desktop\\CRM\\backend\\node_modules\\router\\lib\\route.js:157:13)\n    at C:\\Users\\harsh\\OneDrive\\Desktop\\CRM\\backend\\middlewares\\validateMiddleware.js:44:7\n    at Layer.handleRequest (C:\\Users\\harsh\\OneDrive\\Desktop\\CRM\\backend\\node_modules\\router\\lib\\layer.js:152:17)\n    at next (C:\\Users\\harsh\\OneDrive\\Desktop\\CRM\\backend\\node_modules\\router\\lib\\route.js:157:13)\n    at Route.dispatch (C:\\Users\\harsh\\OneDrive\\Desktop\\CRM\\backend\\node_modules\\router\\lib\\route.js:117:3)","statusCode":500,"timestamp":"2026-07-01 15:14:39.693","url":"/api/leads"}
{"api":"getAllCustomers","level":"info","limit":"10","message":"Get all customers request","module":"customer","page":"1","service":"crm-backend","timestamp":"2026-07-01 15:15:12.050"}
{"api":"getAllCustomers","count":2,"level":"info","message":"Customers retrieved successfully","module":"customer","service":"crm-backend","timestamp":"2026-07-01 15:15:12.059"}
{"api":"getAllCustomers","level":"info","limit":"10","message":"Get all customers request","module":"customer","page":"1","service":"crm-backend","timestamp":"2026-07-01 15:15:12.064"}
{"api":"getAllCustomers","count":2,"level":"info","message":"Customers retrieved successfully","module":"customer","service":"crm-backend","timestamp":"2026-07-01 15:15:12.068"}
{"api":"createLead","apiId":"cc738ca0-9324-4869-b393-ef41f72bb12e","email":"re@gmail.com","level":"info","message":"Create lead request","module":"lead","name":"gteb","service":"crm-backend","timestamp":"2026-07-01 15:15:48.976"}
{"level":"error","message":"Cannot add or update a child row: a foreign key constraint fails (`crm_db`.`leads`, CONSTRAINT `leads_ibfk_1` FOREIGN KEY (`assigned_to`) REFERENCES `users` (`id`) ON DELETE SET NULL)","method":"POST","service":"crm-backend","stack":"Error: Cannot add or update a child row: a foreign key constraint fails (`crm_db`.`leads`, CONSTRAINT `leads_ibfk_1` FOREIGN KEY (`assigned_to`) REFERENCES `users` (`id`) ON DELETE SET NULL)\n    at LeadDao.create (C:\\Users\\harsh\\OneDrive\\Desktop\\CRM\\backend\\modules\\lead\\dao\\leadDao.js:7:35)\n    at LeadService.createLead (C:\\Users\\harsh\\OneDrive\\Desktop\\CRM\\backend\\modules\\lead\\services\\leadService.js:7:36)\n    at C:\\Users\\harsh\\OneDrive\\Desktop\\CRM\\backend\\modules\\lead\\controllers\\leadController.js:13:38\n    at C:\\Users\\harsh\\OneDrive\\Desktop\\CRM\\backend\\middlewares\\errorHandler.js:45:21\n    at Layer.handleRequest (C:\\Users\\harsh\\OneDrive\\Desktop\\CRM\\backend\\node_modules\\router\\lib\\layer.js:152:17)\n    at next (C:\\Users\\harsh\\OneDrive\\Desktop\\CRM\\backend\\node_modules\\router\\lib\\route.js:157:13)\n    at C:\\Users\\harsh\\OneDrive\\Desktop\\CRM\\backend\\middlewares\\validateMiddleware.js:44:7\n    at Layer.handleRequest (C:\\Users\\harsh\\OneDrive\\Desktop\\CRM\\backend\\node_modules\\router\\lib\\layer.js:152:17)\n    at next (C:\\Users\\harsh\\OneDrive\\Desktop\\CRM\\backend\\node_modules\\router\\lib\\route.js:157:13)\n    at Route.dispatch (C:\\Users\\harsh\\OneDrive\\Desktop\\CRM\\backend\\node_modules\\router\\lib\\route.js:117:3)","statusCode":500,"timestamp":"2026-07-01 15:15:48.989","url":"/api/leads"}
{"level":"info","message":"Starting CRM Backend Application...","service":"crm-backend","timestamp":"2026-07-01 15:17:24.250"}
{"level":"info","message":"Initializing database...","service":"crm-backend","timestamp":"2026-07-01 15:17:24.256"}
{"level":"info","message":"Starting CRM Backend Application...","service":"crm-backend","timestamp":"2026-07-01 15:17:24.248"}
{"level":"info","message":"Initializing database...","service":"crm-backend","timestamp":"2026-07-01 15:17:24.255"}
{"level":"info","message":"Starting CRM Backend Application...","service":"crm-backend","timestamp":"2026-07-01 15:17:24.286"}
{"level":"info","message":"Initializing database...","service":"crm-backend","timestamp":"2026-07-01 15:17:24.294"}
{"level":"info","message":" CRM Backend server started on http://localhost:3000","service":"crm-backend","timestamp":"2026-07-01 15:17:24.864"}
{"level":"info","message":" Environment: development","service":"crm-backend","timestamp":"2026-07-01 15:17:24.865"}
{"level":"info","message":" API Documentation: http://localhost:3000/health","service":"crm-backend","timestamp":"2026-07-01 15:17:24.865"}
{"level":"info","message":" CRM Backend server started on http://localhost:3000","service":"crm-backend","timestamp":"2026-07-01 15:17:24.933"}
{"level":"info","message":" Environment: development","service":"crm-backend","timestamp":"2026-07-01 15:17:24.935"}
{"level":"info","message":" API Documentation: http://localhost:3000/health","service":"crm-backend","timestamp":"2026-07-01 15:17:24.936"}
{"level":"info","message":" CRM Backend server started on http://localhost:3000","service":"crm-backend","timestamp":"2026-07-01 15:17:25.213"}
{"level":"info","message":" Environment: development","service":"crm-backend","timestamp":"2026-07-01 15:17:25.219"}
{"level":"info","message":" API Documentation: http://localhost:3000/health","service":"crm-backend","timestamp":"2026-07-01 15:17:25.221"}
{"api":"createLead","apiId":"c43e5e0d-bb5f-4733-a8a9-b7eee2da090f","email":"re@gmail.com","level":"info","message":"Create lead request","module":"lead","name":"gteb","service":"crm-backend","timestamp":"2026-07-01 15:18:53.956"}
{"api":"createLead","apiId":"c43e5e0d-bb5f-4733-a8a9-b7eee2da090f","leadId":35,"level":"info","message":"Lead created successfully","module":"lead","service":"crm-backend","timestamp":"2026-07-01 15:18:53.979"}
{"api":"getAllLeads","level":"info","limit":"10","message":"Get all leads request","module":"lead","page":"1","service":"crm-backend","timestamp":"2026-07-01 15:18:55.537"}
{"api":"getAllLeads","count":2,"level":"info","message":"Leads retrieved successfully","module":"lead","service":"crm-backend","timestamp":"2026-07-01 15:18:55.543"}
{"api":"getAllLeads","level":"info","limit":"10","message":"Get all leads request","module":"lead","page":"1","service":"crm-backend","timestamp":"2026-07-01 15:18:55.548"}
{"api":"getAllLeads","count":2,"level":"info","message":"Leads retrieved successfully","module":"lead","service":"crm-backend","timestamp":"2026-07-01 15:18:55.552"}
{"api":"deleteLead","leadId":"35","level":"info","message":"Delete lead request","module":"lead","service":"crm-backend","timestamp":"2026-07-01 15:19:02.428"}
{"api":"deleteLead","leadId":"35","level":"info","message":"Lead deleted successfully","module":"lead","service":"crm-backend","timestamp":"2026-07-01 15:19:02.446"}
{"api":"getAllLeads","level":"info","limit":"10","message":"Get all leads request","module":"lead","page":"1","service":"crm-backend","timestamp":"2026-07-01 15:19:02.454"}
{"api":"getAllLeads","count":1,"level":"info","message":"Leads retrieved successfully","module":"lead","service":"crm-backend","timestamp":"2026-07-01 15:19:02.457"}
