{"level":"info","message":"Starting CRM Backend Application...","service":"crm-backend","timestamp":"2026-07-02 10:58:37.220"}
{"level":"info","message":"Initializing database...","service":"crm-backend","timestamp":"2026-07-02 10:58:37.222"}
{"level":"info","message":" CRM Backend server started on http://localhost:3000","service":"crm-backend","timestamp":"2026-07-02 10:58:37.545"}
{"level":"info","message":" Environment: development","service":"crm-backend","timestamp":"2026-07-02 10:58:37.547"}
{"level":"info","message":" API Documentation: http://localhost:3000/health","service":"crm-backend","timestamp":"2026-07-02 10:58:37.547"}
{"level":"info","message":"Starting CRM Backend Application...","service":"crm-backend","timestamp":"2026-07-02 10:58:48.636"}
{"level":"info","message":"Initializing database...","service":"crm-backend","timestamp":"2026-07-02 10:58:48.639"}
{"level":"info","message":" CRM Backend server started on http://localhost:3000","service":"crm-backend","timestamp":"2026-07-02 10:58:49.024"}
{"level":"info","message":" Environment: development","service":"crm-backend","timestamp":"2026-07-02 10:58:49.025"}
{"level":"info","message":" API Documentation: http://localhost:3000/health","service":"crm-backend","timestamp":"2026-07-02 10:58:49.026"}
{"api":"getAllCustomers","level":"info","limit":"1000","message":"Get all customers request","module":"customer","page":"1","service":"crm-backend","timestamp":"2026-07-02 10:59:05.323"}
{"api":"getAllCustomers","count":2,"level":"info","message":"Customers retrieved successfully","module":"customer","service":"crm-backend","timestamp":"2026-07-02 10:59:05.333"}
{"api":"getAllCustomers","level":"info","limit":"1000","message":"Get all customers request","module":"customer","page":"1","service":"crm-backend","timestamp":"2026-07-02 10:59:05.341"}
{"api":"getAllLeads","level":"info","limit":"1000","message":"Get all leads request","module":"lead","page":"1","service":"crm-backend","timestamp":"2026-07-02 10:59:05.349"}
{"api":"getAllCustomers","count":2,"level":"info","message":"Customers retrieved successfully","module":"customer","service":"crm-backend","timestamp":"2026-07-02 10:59:05.354"}
{"api":"getAllCustomers","level":"info","limit":"1000","message":"Get all customers request","module":"customer","page":"1","service":"crm-backend","timestamp":"2026-07-02 10:59:05.363"}
{"api":"getAllCustomers","count":2,"level":"info","message":"Customers retrieved successfully","module":"customer","service":"crm-backend","timestamp":"2026-07-02 10:59:05.370"}
{"api":"getAllCustomers","level":"info","limit":"1000","message":"Get all customers request","module":"customer","page":"1","service":"crm-backend","timestamp":"2026-07-02 10:59:05.379"}
{"api":"getAllLeads","count":2,"level":"info","message":"Leads retrieved successfully","module":"lead","service":"crm-backend","timestamp":"2026-07-02 10:59:05.387"}
{"api":"getAllCustomers","count":2,"level":"info","message":"Customers retrieved successfully","module":"customer","service":"crm-backend","timestamp":"2026-07-02 10:59:05.392"}
{"api":"getAllLeads","level":"info","limit":"1000","message":"Get all leads request","module":"lead","page":"1","service":"crm-backend","timestamp":"2026-07-02 10:59:05.403"}
{"api":"getAllLeads","count":2,"level":"info","message":"Leads retrieved successfully","module":"lead","service":"crm-backend","timestamp":"2026-07-02 10:59:05.413"}
{"api":"getAllLeads","level":"info","limit":"1000","message":"Get all leads request","module":"lead","page":"1","service":"crm-backend","timestamp":"2026-07-02 10:59:05.424"}
{"api":"getAllLeads","count":2,"level":"info","message":"Leads retrieved successfully","module":"lead","service":"crm-backend","timestamp":"2026-07-02 10:59:05.429"}
{"api":"getAllLeads","level":"info","limit":"1000","message":"Get all leads request","module":"lead","page":"1","service":"crm-backend","timestamp":"2026-07-02 10:59:05.437"}
{"api":"getAllLeads","count":2,"level":"info","message":"Leads retrieved successfully","module":"lead","service":"crm-backend","timestamp":"2026-07-02 10:59:05.443"}
